-------------------------------------------------------------------------------
Test set: logic.BloodDonationTest
-------------------------------------------------------------------------------
Tests run: 16, Failures: 1, Errors: 0, Skipped: 0, Time elapsed: 13.974 s <<< FAILURE! - in logic.BloodDonationTest
logic.BloodDonationTest.testExtractDataAsList  Time elapsed: 0.034 s  <<< FAILURE!
org.opentest4j.AssertionFailedError: expected: entity.BloodBank@408e47f<1> but was: java.lang.Integer@1f5816bb<1>
	at logic.BloodDonationTest.testExtractDataAsList(BloodDonationTest.java:247)

