<?xml version="1.0" encoding="UTF-8"?>
<testsuite xmlns:xsi="http://www.w3.org/2001/XMLSchema-instance" xsi:noNamespaceSchemaLocation="https://maven.apache.org/surefire/maven-surefire-plugin/xsd/surefire-test-report-3.0.xsd" version="3.0" name="logic.BloodDonationTest" time="13.974" tests="16" errors="0" skipped="0" failures="1">
  <properties>
[...]
</properties>
  <testcase name="testCreateEntity" classname="logic.BloodDonationTest" time="0.704">
    <system-out><![CDATA[2021-04-18T20:54:49,134|[DEBUG] ServletListener - Initializing EMF
2021-04-18T20:54:49,148|[DEBUG] EMFactory - initializeing EntityManagerFactory
2021-04-18T20:54:49,148|[DEBUG] EMFactory - creating EntityManagerFactory
2021-04-18T20:54:49,201|[DEBUG] logging - Logging Provider: org.jboss.logging.Log4j2LoggerProvider
2021-04-18T20:54:49,375|[INFO ] LogHelper - HHH000204: Processing PersistenceUnitInfo [name: simplebloodbank-PU-test]
2021-04-18T20:54:49,480|[INFO ] Version - HHH000412: Hibernate ORM core version 5.4.27.Final
2021-04-18T20:54:49,828|[INFO ] Version - HCANN000001: Hibernate Commons Annotations {5.1.2.Final}
2021-04-18T20:54:49,890|[DEBUG] BasicTypeRegistry - Adding type registration boolean -> org.hibernate.type.BooleanType@5f45d7db
2021-04-18T20:54:49,893|[DEBUG] BasicTypeRegistry - Adding type registration boolean -> org.hibernate.type.BooleanType@5f45d7db
2021-04-18T20:54:49,893|[DEBUG] BasicTypeRegistry - Adding type registration java.lang.Boolean -> org.hibernate.type.BooleanType@5f45d7db
2021-04-18T20:54:49,894|[DEBUG] BasicTypeRegistry - Adding type registration numeric_boolean -> org.hibernate.type.NumericBooleanType@630f24a5
2021-04-18T20:54:49,896|[DEBUG] BasicTypeRegistry - Adding type registration true_false -> org.hibernate.type.TrueFalseType@34ceabf1
2021-04-18T20:54:49,896|[DEBUG] BasicTypeRegistry - Adding type registration yes_no -> org.hibernate.type.YesNoType@47861e3c
2021-04-18T20:54:49,898|[DEBUG] BasicTypeRegistry - Adding type registration byte -> org.hibernate.type.ByteType@3bd05779
2021-04-18T20:54:49,898|[DEBUG] BasicTypeRegistry - Adding type registration byte -> org.hibernate.type.ByteType@3bd05779
2021-04-18T20:54:49,898|[DEBUG] BasicTypeRegistry - Adding type registration java.lang.Byte -> org.hibernate.type.ByteType@3bd05779
2021-04-18T20:54:49,899|[DEBUG] BasicTypeRegistry - Adding type registration character -> org.hibernate.type.CharacterType@77d5a3ee
2021-04-18T20:54:49,899|[DEBUG] BasicTypeRegistry - Adding type registration char -> org.hibernate.type.CharacterType@77d5a3ee
2021-04-18T20:54:49,899|[DEBUG] BasicTypeRegistry - Adding type registration java.lang.Character -> org.hibernate.type.CharacterType@77d5a3ee
2021-04-18T20:54:49,901|[DEBUG] BasicTypeRegistry - Adding type registration short -> org.hibernate.type.ShortType@29ab7ccc
2021-04-18T20:54:49,902|[DEBUG] BasicTypeRegistry - Adding type registration short -> org.hibernate.type.ShortType@29ab7ccc
2021-04-18T20:54:49,902|[DEBUG] BasicTypeRegistry - Adding type registration java.lang.Short -> org.hibernate.type.ShortType@29ab7ccc
2021-04-18T20:54:49,904|[DEBUG] BasicTypeRegistry - Adding type registration integer -> org.hibernate.type.IntegerType@198ad9e0
2021-04-18T20:54:49,904|[DEBUG] BasicTypeRegistry - Adding type registration int -> org.hibernate.type.IntegerType@198ad9e0
2021-04-18T20:54:49,906|[DEBUG] BasicTypeRegistry - Adding type registration java.lang.Integer -> org.hibernate.type.IntegerType@198ad9e0
2021-04-18T20:54:49,908|[DEBUG] BasicTypeRegistry - Adding type registration long -> org.hibernate.type.LongType@7d45ffd
2021-04-18T20:54:49,908|[DEBUG] BasicTypeRegistry - Adding type registration long -> org.hibernate.type.LongType@7d45ffd
2021-04-18T20:54:49,909|[DEBUG] BasicTypeRegistry - Adding type registration java.lang.Long -> org.hibernate.type.LongType@7d45ffd
2021-04-18T20:54:49,920|[DEBUG] BasicTypeRegistry - Adding type registration float -> org.hibernate.type.FloatType@2a04a440
2021-04-18T20:54:49,923|[DEBUG] BasicTypeRegistry - Adding type registration float -> org.hibernate.type.FloatType@2a04a440
2021-04-18T20:54:49,924|[DEBUG] BasicTypeRegistry - Adding type registration java.lang.Float -> org.hibernate.type.FloatType@2a04a440
2021-04-18T20:54:49,925|[DEBUG] BasicTypeRegistry - Adding type registration double -> org.hibernate.type.DoubleType@42ef0b7c
2021-04-18T20:54:49,925|[DEBUG] BasicTypeRegistry - Adding type registration double -> org.hibernate.type.DoubleType@42ef0b7c
2021-04-18T20:54:49,935|[DEBUG] BasicTypeRegistry - Adding type registration java.lang.Double -> org.hibernate.type.DoubleType@42ef0b7c
2021-04-18T20:54:49,936|[DEBUG] BasicTypeRegistry - Adding type registration big_decimal -> org.hibernate.type.BigDecimalType@5b4c2959
2021-04-18T20:54:49,936|[DEBUG] BasicTypeRegistry - Adding type registration java.math.BigDecimal -> org.hibernate.type.BigDecimalType@5b4c2959
2021-04-18T20:54:49,938|[DEBUG] BasicTypeRegistry - Adding type registration big_integer -> org.hibernate.type.BigIntegerType@64123c4d
2021-04-18T20:54:49,938|[DEBUG] BasicTypeRegistry - Adding type registration java.math.BigInteger -> org.hibernate.type.BigIntegerType@64123c4d
2021-04-18T20:54:49,940|[DEBUG] BasicTypeRegistry - Adding type registration string -> org.hibernate.type.StringType@59bedf4d
2021-04-18T20:54:49,946|[DEBUG] BasicTypeRegistry - Adding type registration java.lang.String -> org.hibernate.type.StringType@59bedf4d
2021-04-18T20:54:49,948|[DEBUG] BasicTypeRegistry - Adding type registration nstring -> org.hibernate.type.StringNVarcharType@2d66a5d3
2021-04-18T20:54:49,949|[DEBUG] BasicTypeRegistry - Adding type registration ncharacter -> org.hibernate.type.CharacterNCharType@687fa4d0
2021-04-18T20:54:49,950|[DEBUG] BasicTypeRegistry - Adding type registration url -> org.hibernate.type.UrlType@33a1bff8
2021-04-18T20:54:49,951|[DEBUG] BasicTypeRegistry - Adding type registration java.net.URL -> org.hibernate.type.UrlType@33a1bff8
2021-04-18T20:54:49,953|[DEBUG] BasicTypeRegistry - Adding type registration Duration -> org.hibernate.type.DurationType@7020deaa
2021-04-18T20:54:49,953|[DEBUG] BasicTypeRegistry - Adding type registration java.time.Duration -> org.hibernate.type.DurationType@7020deaa
2021-04-18T20:54:49,974|[DEBUG] BasicTypeRegistry - Adding type registration Instant -> org.hibernate.type.InstantType@6028b018
2021-04-18T20:54:49,975|[DEBUG] BasicTypeRegistry - Adding type registration java.time.Instant -> org.hibernate.type.InstantType@6028b018
2021-04-18T20:54:49,976|[DEBUG] BasicTypeRegistry - Adding type registration LocalDateTime -> org.hibernate.type.LocalDateTimeType@c73b9fc
2021-04-18T20:54:49,976|[DEBUG] BasicTypeRegistry - Adding type registration java.time.LocalDateTime -> org.hibernate.type.LocalDateTimeType@c73b9fc
2021-04-18T20:54:49,978|[DEBUG] BasicTypeRegistry - Adding type registration LocalDate -> org.hibernate.type.LocalDateType@20e06a86
2021-04-18T20:54:49,978|[DEBUG] BasicTypeRegistry - Adding type registration java.time.LocalDate -> org.hibernate.type.LocalDateType@20e06a86
2021-04-18T20:54:49,982|[DEBUG] BasicTypeRegistry - Adding type registration LocalTime -> org.hibernate.type.LocalTimeType@5dea8bf2
2021-04-18T20:54:49,982|[DEBUG] BasicTypeRegistry - Adding type registration java.time.LocalTime -> org.hibernate.type.LocalTimeType@5dea8bf2
2021-04-18T20:54:49,984|[DEBUG] BasicTypeRegistry - Adding type registration OffsetDateTime -> org.hibernate.type.OffsetDateTimeType@ebad9a
2021-04-18T20:54:49,985|[DEBUG] BasicTypeRegistry - Adding type registration java.time.OffsetDateTime -> org.hibernate.type.OffsetDateTimeType@ebad9a
2021-04-18T20:54:49,986|[DEBUG] BasicTypeRegistry - Adding type registration OffsetTime -> org.hibernate.type.OffsetTimeType@5531484a
2021-04-18T20:54:49,987|[DEBUG] BasicTypeRegistry - Adding type registration java.time.OffsetTime -> org.hibernate.type.OffsetTimeType@5531484a
2021-04-18T20:54:49,989|[DEBUG] BasicTypeRegistry - Adding type registration ZonedDateTime -> org.hibernate.type.ZonedDateTimeType@5c7712f0
2021-04-18T20:54:49,990|[DEBUG] BasicTypeRegistry - Adding type registration java.time.ZonedDateTime -> org.hibernate.type.ZonedDateTimeType@5c7712f0
2021-04-18T20:54:49,992|[DEBUG] BasicTypeRegistry - Adding type registration date -> org.hibernate.type.DateType@2bd89b8e
2021-04-18T20:54:49,992|[DEBUG] BasicTypeRegistry - Adding type registration java.sql.Date -> org.hibernate.type.DateType@2bd89b8e
2021-04-18T20:54:50,000|[DEBUG] BasicTypeRegistry - Adding type registration time -> org.hibernate.type.TimeType@952883c
2021-04-18T20:54:50,001|[DEBUG] BasicTypeRegistry - Adding type registration java.sql.Time -> org.hibernate.type.TimeType@952883c
2021-04-18T20:54:50,002|[DEBUG] BasicTypeRegistry - Adding type registration timestamp -> org.hibernate.type.TimestampType@677f1963
2021-04-18T20:54:50,003|[DEBUG] BasicTypeRegistry - Adding type registration java.sql.Timestamp -> org.hibernate.type.TimestampType@677f1963
2021-04-18T20:54:50,003|[DEBUG] BasicTypeRegistry - Adding type registration java.util.Date -> org.hibernate.type.TimestampType@677f1963
2021-04-18T20:54:50,005|[DEBUG] BasicTypeRegistry - Adding type registration dbtimestamp -> org.hibernate.type.DbTimestampType@2be33ac
2021-04-18T20:54:50,015|[DEBUG] BasicTypeRegistry - Adding type registration calendar -> org.hibernate.type.CalendarType@69894182
2021-04-18T20:54:50,015|[DEBUG] BasicTypeRegistry - Adding type registration java.util.Calendar -> org.hibernate.type.CalendarType@69894182
2021-04-18T20:54:50,015|[DEBUG] BasicTypeRegistry - Adding type registration java.util.GregorianCalendar -> org.hibernate.type.CalendarType@69894182
2021-04-18T20:54:50,016|[DEBUG] BasicTypeRegistry - Adding type registration calendar_date -> org.hibernate.type.CalendarDateType@46ccf22
2021-04-18T20:54:50,018|[DEBUG] BasicTypeRegistry - Adding type registration calendar_time -> org.hibernate.type.CalendarTimeType@1529406e
2021-04-18T20:54:50,022|[DEBUG] BasicTypeRegistry - Adding type registration locale -> org.hibernate.type.LocaleType@107a0e6c
2021-04-18T20:54:50,025|[DEBUG] BasicTypeRegistry - Adding type registration java.util.Locale -> org.hibernate.type.LocaleType@107a0e6c
2021-04-18T20:54:50,028|[DEBUG] BasicTypeRegistry - Adding type registration currency -> org.hibernate.type.CurrencyType@3c0cfaad
2021-04-18T20:54:50,028|[DEBUG] BasicTypeRegistry - Adding type registration java.util.Currency -> org.hibernate.type.CurrencyType@3c0cfaad
2021-04-18T20:54:50,030|[DEBUG] BasicTypeRegistry - Adding type registration timezone -> org.hibernate.type.TimeZoneType@5748ffe3
2021-04-18T20:54:50,030|[DEBUG] BasicTypeRegistry - Adding type registration java.util.TimeZone -> org.hibernate.type.TimeZoneType@5748ffe3
2021-04-18T20:54:50,031|[DEBUG] BasicTypeRegistry - Adding type registration class -> org.hibernate.type.ClassType@3565ee15
2021-04-18T20:54:50,032|[DEBUG] BasicTypeRegistry - Adding type registration java.lang.Class -> org.hibernate.type.ClassType@3565ee15
2021-04-18T20:54:50,033|[DEBUG] BasicTypeRegistry - Adding type registration uuid-binary -> org.hibernate.type.UUIDBinaryType@1546a589
2021-04-18T20:54:50,033|[DEBUG] BasicTypeRegistry - Adding type registration java.util.UUID -> org.hibernate.type.UUIDBinaryType@1546a589
2021-04-18T20:54:50,034|[DEBUG] BasicTypeRegistry - Adding type registration uuid-char -> org.hibernate.type.UUIDCharType@5d6d21e2
2021-04-18T20:54:50,036|[DEBUG] BasicTypeRegistry - Adding type registration binary -> org.hibernate.type.BinaryType@74a89061
2021-04-18T20:54:50,037|[DEBUG] BasicTypeRegistry - Adding type registration byte[] -> org.hibernate.type.BinaryType@74a89061
2021-04-18T20:54:50,037|[DEBUG] BasicTypeRegistry - Adding type registration [B -> org.hibernate.type.BinaryType@74a89061
2021-04-18T20:54:50,039|[DEBUG] BasicTypeRegistry - Adding type registration wrapper-binary -> org.hibernate.type.WrapperBinaryType@4a92652b
2021-04-18T20:54:50,040|[DEBUG] BasicTypeRegistry - Adding type registration Byte[] -> org.hibernate.type.WrapperBinaryType@4a92652b
2021-04-18T20:54:50,040|[DEBUG] BasicTypeRegistry - Adding type registration [Ljava.lang.Byte; -> org.hibernate.type.WrapperBinaryType@4a92652b
2021-04-18T20:54:50,042|[DEBUG] BasicTypeRegistry - Adding type registration row_version -> org.hibernate.type.RowVersionType@376314dd
2021-04-18T20:54:50,042|[DEBUG] BasicTypeRegistry - Adding type registration image -> org.hibernate.type.ImageType@3e0d722f
2021-04-18T20:54:50,048|[DEBUG] BasicTypeRegistry - Adding type registration characters -> org.hibernate.type.CharArrayType@1b5b650d
2021-04-18T20:54:50,048|[DEBUG] BasicTypeRegistry - Adding type registration char[] -> org.hibernate.type.CharArrayType@1b5b650d
2021-04-18T20:54:50,048|[DEBUG] BasicTypeRegistry - Adding type registration [C -> org.hibernate.type.CharArrayType@1b5b650d
2021-04-18T20:54:50,050|[DEBUG] BasicTypeRegistry - Adding type registration wrapper-characters -> org.hibernate.type.CharacterArrayType@435a2e1f
2021-04-18T20:54:50,051|[DEBUG] BasicTypeRegistry - Adding type registration [Ljava.lang.Character; -> org.hibernate.type.CharacterArrayType@435a2e1f
2021-04-18T20:54:50,052|[DEBUG] BasicTypeRegistry - Adding type registration Character[] -> org.hibernate.type.CharacterArrayType@435a2e1f
2021-04-18T20:54:50,053|[DEBUG] BasicTypeRegistry - Adding type registration text -> org.hibernate.type.TextType@18211894
2021-04-18T20:54:50,054|[DEBUG] BasicTypeRegistry - Adding type registration ntext -> org.hibernate.type.NTextType@76cb6d16
2021-04-18T20:54:50,056|[DEBUG] BasicTypeRegistry - Adding type registration blob -> org.hibernate.type.BlobType@2b647344
2021-04-18T20:54:50,056|[DEBUG] BasicTypeRegistry - Adding type registration java.sql.Blob -> org.hibernate.type.BlobType@2b647344
2021-04-18T20:54:50,057|[DEBUG] BasicTypeRegistry - Adding type registration materialized_blob -> org.hibernate.type.MaterializedBlobType@4f2a0651
2021-04-18T20:54:50,058|[DEBUG] BasicTypeRegistry - Adding type registration clob -> org.hibernate.type.ClobType@3b60efd8
2021-04-18T20:54:50,058|[DEBUG] BasicTypeRegistry - Adding type registration java.sql.Clob -> org.hibernate.type.ClobType@3b60efd8
2021-04-18T20:54:50,063|[DEBUG] BasicTypeRegistry - Adding type registration nclob -> org.hibernate.type.NClobType@6a82a388
2021-04-18T20:54:50,063|[DEBUG] BasicTypeRegistry - Adding type registration java.sql.NClob -> org.hibernate.type.NClobType@6a82a388
2021-04-18T20:54:50,065|[DEBUG] BasicTypeRegistry - Adding type registration materialized_clob -> org.hibernate.type.MaterializedClobType@559ac87f
2021-04-18T20:54:50,066|[DEBUG] BasicTypeRegistry - Adding type registration materialized_nclob -> org.hibernate.type.MaterializedNClobType@10683f87
2021-04-18T20:54:50,069|[DEBUG] BasicTypeRegistry - Adding type registration serializable -> org.hibernate.type.SerializableType@77d01d83
2021-04-18T20:54:50,073|[DEBUG] BasicTypeRegistry - Adding type registration object -> org.hibernate.type.ObjectType@173158e8
2021-04-18T20:54:50,073|[DEBUG] BasicTypeRegistry - Adding type registration java.lang.Object -> org.hibernate.type.ObjectType@173158e8
2021-04-18T20:54:50,080|[DEBUG] BasicTypeRegistry - Adding type registration imm_date -> org.hibernate.type.AdaptedImmutableType@151cbba4
2021-04-18T20:54:50,081|[DEBUG] BasicTypeRegistry - Adding type registration imm_time -> org.hibernate.type.AdaptedImmutableType@3729cdaf
2021-04-18T20:54:50,081|[DEBUG] BasicTypeRegistry - Adding type registration imm_timestamp -> org.hibernate.type.AdaptedImmutableType@75a45ce
2021-04-18T20:54:50,081|[DEBUG] BasicTypeRegistry - Adding type registration imm_dbtimestamp -> org.hibernate.type.AdaptedImmutableType@35bd146b
2021-04-18T20:54:50,081|[DEBUG] BasicTypeRegistry - Adding type registration imm_calendar -> org.hibernate.type.AdaptedImmutableType@458c58e3
2021-04-18T20:54:50,081|[DEBUG] BasicTypeRegistry - Adding type registration imm_calendar_date -> org.hibernate.type.AdaptedImmutableType@3cb1a148
2021-04-18T20:54:50,081|[DEBUG] BasicTypeRegistry - Adding type registration imm_binary -> org.hibernate.type.AdaptedImmutableType@6910e725
2021-04-18T20:54:50,081|[DEBUG] BasicTypeRegistry - Adding type registration imm_serializable -> org.hibernate.type.AdaptedImmutableType@3453a820
2021-04-18T20:54:50,393|[INFO ] Dialect - HHH000400: Using dialect: org.hibernate.dialect.MySQL8Dialect
2021-04-18T20:54:50,508|[DEBUG] TypeConfiguration$Scope - Scoping TypeConfiguration [org.hibernate.type.spi.TypeConfiguration@1997784a] to MetadataBuildingContext [org.hibernate.boot.internal.MetadataBuildingContextRootImpl@6ead88dd]
2021-04-18T20:54:50,794|[INFO ] beans - HHH10005002: No explicit CDI BeanManager reference was passed to Hibernate, but CDI is available on the Hibernate ClassLoader.
2021-04-18T20:54:50,798|[DEBUG] JavaTypeDescriptorRegistry - Could not find matching scoped JavaTypeDescriptor for requested Java class [entity.RhesusFactorConvertor]; falling back to static registry
2021-04-18T20:54:50,803|[DEBUG] JavaTypeDescriptorRegistry - Could not find matching scoped JavaTypeDescriptor for requested Java class [java.lang.String]; falling back to static registry
2021-04-18T20:54:50,810|[DEBUG] AttributeConverterTypeAdapter - Created AttributeConverterTypeAdapter -> converted::entity.RhesusFactorConvertor
2021-04-18T20:54:50,868|[DEBUG] EnumType - Using NAMED-based conversion for Enum entity.BloodGroup
2021-04-18T20:54:51,034|[DEBUG] TypeConfiguration$Scope - Scoping TypeConfiguration [org.hibernate.type.spi.TypeConfiguration@1997784a] to SessionFactoryImpl [org.hibernate.internal.SessionFactoryImpl@16c44a77]
2021-04-18T20:54:51,946|[INFO ] SchemaCreatorImpl - HHH000476: Executing import script 'file:/C:/Users/owt79/iCloudDrive/Algonquin%20College/2021%20Winter/Object%20Oriented%20Programming%20with%20Design%20Patterns%20-%20CST8288/Assignment%202%20-%20group/Assignment%202%20-%20Reddit%20Analytic%20attached%20files%20Mar%2014%2C%202021%201104%20AM/SimpleBloodBank-Skeleton/target/classes/META-INF/sql/simplebloodbank-drop.sql'
2021-04-18T20:54:51,991|[DEBUG] SQL - 
    
    DROP SCHEMA IF EXISTS `simplebloodbank`
2021-04-18T20:54:52,153|[INFO ] SchemaCreatorImpl - HHH000476: Executing import script 'file:/C:/Users/owt79/iCloudDrive/Algonquin%20College/2021%20Winter/Object%20Oriented%20Programming%20with%20Design%20Patterns%20-%20CST8288/Assignment%202%20-%20group/Assignment%202%20-%20Reddit%20Analytic%20attached%20files%20Mar%2014%2C%202021%201104%20AM/SimpleBloodBank-Skeleton/target/classes/META-INF/sql/simplebloodbank-create.sql'
2021-04-18T20:54:52,170|[DEBUG] SQL - CREATE SCHEMA IF NOT EXISTS `simplebloodbank` DEFAULT CHARACTER SET utf8mb4 COLLATE utf8mb4_0900_ai_ci
2021-04-18T20:54:52,178|[DEBUG] SQL - 
    
    USE `simplebloodbank`
2021-04-18T20:54:52,181|[DEBUG] SQL - 
    
    CREATE TABLE IF NOT EXISTS `simplebloodbank`.`person` (
          `id` INT NOT NULL AUTO_INCREMENT,
          `first_name` VARCHAR(50) NOT NULL,
          `last_name` VARCHAR(50) NOT NULL,
          `phone` VARCHAR(15) NOT NULL,
          `address` VARCHAR(100) NOT NULL,
          `birth` DATETIME NOT NULL,
          PRIMARY KEY (`id`),
          UNIQUE INDEX `id_UNIQUE` (`id` ASC) VISIBLE
    ) ENGINE = InnoDB AUTO_INCREMENT = 2 DEFAULT CHARACTER SET = utf8mb4 COLLATE = utf8mb4_0900_ai_ci
2021-04-18T20:54:52,252|[DEBUG] SQL - 
    
    CREATE TABLE IF NOT EXISTS `simplebloodbank`.`blood_bank` (
          `bank_id` INT NOT NULL AUTO_INCREMENT,
          `owner` INT NULL,
          `name` VARCHAR(100) NOT NULL,
          `privately_owned` BIT(1) NOT NULL,
          `established` DATETIME NOT NULL,
          `emplyee_count` INT NOT NULL,
          PRIMARY KEY (`bank_id`),
          UNIQUE INDEX `name_UNIQUE` (`name` ASC) VISIBLE,
          UNIQUE INDEX `bank_id_UNIQUE` (`bank_id` ASC) VISIBLE,
          INDEX `fk_blood_bank_person1_idx` (`owner` ASC) VISIBLE,
          CONSTRAINT `fk_blood_bank_person1`     FOREIGN KEY (`owner`)     REFERENCES `simplebloodbank`.`person` (`id`)     ON DELETE NO ACTION     ON UPDATE NO ACTION
    ) ENGINE = InnoDB DEFAULT CHARACTER SET = utf8mb4 COLLATE = utf8mb4_0900_ai_ci
2021-04-18T20:54:52,917|[DEBUG] SQL - 
    
    CREATE TABLE IF NOT EXISTS `simplebloodbank`.`blood_donation` (
          `donation_id` INT NOT NULL AUTO_INCREMENT,
          `bank_id` INT NULL,
          `milliliters` INT NOT NULL,
          `blood_group` ENUM('A', 'B', 'AB', 'O') NOT NULL,
          `rhd` ENUM('+', '-') NOT NULL,
          `created` DATETIME NOT NULL,
          PRIMARY KEY (`donation_id`),
          INDEX `fk_blood_donation_blood_bank1_idx` (`bank_id` ASC) VISIBLE,
          UNIQUE INDEX `donation_id_UNIQUE` (`donation_id` ASC) VISIBLE,
          CONSTRAINT `fk_blood_donation_blood_bank1`     FOREIGN KEY (`bank_id`)     REFERENCES `simplebloodbank`.`blood_bank` (`bank_id`)
    ) ENGINE = InnoDB DEFAULT CHARACTER SET = utf8mb4 COLLATE = utf8mb4_0900_ai_ci
2021-04-18T20:54:52,983|[DEBUG] SQL - 
    
    CREATE TABLE IF NOT EXISTS `simplebloodbank`.`donation_record` (
          `record_id` INT NOT NULL AUTO_INCREMENT,
          `person_id` INT NULL DEFAULT NULL,
          `donation_id` INT NULL DEFAULT NULL,
          `tested` BIT(1) NOT NULL,
          `administrator` VARCHAR(100) NOT NULL,
          `hospital` VARCHAR(100) NOT NULL,
          `created` DATETIME NOT NULL,
          PRIMARY KEY (`record_id`),
          UNIQUE INDEX `record_id_UNIQUE` (`record_id` ASC) VISIBLE,
          INDEX `fk_donation_record_person1_idx` (`person_id` ASC) VISIBLE,
          INDEX `fk_donation_record_blood_donation1_idx` (`donation_id` ASC) VISIBLE,
          CONSTRAINT `fk_donation_record_blood_donation1`     FOREIGN KEY (`donation_id`)     REFERENCES `simplebloodbank`.`blood_donation` (`donation_id`),
          CONSTRAINT `fk_donation_record_person1`     FOREIGN KEY (`person_id`)     REFERENCES `simplebloodbank`.`person` (`id`)
    ) ENGINE = InnoDB DEFAULT CHARACTER SET = utf8mb4 COLLATE = utf8mb4_0900_ai_ci
2021-04-18T20:54:53,045|[DEBUG] SQL - 
    
    CREATE TABLE IF NOT EXISTS `simplebloodbank`.`account` (
          `id` INT NOT NULL AUTO_INCREMENT,
          `name` VARCHAR(45) NOT NULL,
          `nickname` VARCHAR(45) NULL,
          `username` VARCHAR(45) NOT NULL,
          `password` VARCHAR(45) NOT NULL,
          PRIMARY KEY (`id`),
          UNIQUE INDEX `name_UNIQUE` (`name` ASC) VISIBLE,
          UNIQUE INDEX `username_UNIQUE` (`username` ASC) VISIBLE
    ) ENGINE = InnoDB
2021-04-18T20:54:53,250|[INFO ] JtaPlatformInitiator - HHH000490: Using JtaPlatform implementation: [org.hibernate.engine.transaction.jta.platform.internal.NoJtaPlatform]
2021-04-18T20:54:53,498|[DEBUG] ServletListener - EMF initialized
2021-04-18T20:54:54,652|[DEBUG] EMFactory - getting EntityManagerFactory
2021-04-18T20:54:54,652|[DEBUG] EMFactory - initializeing EntityManagerFactory
2021-04-18T20:54:54,776|[DEBUG] SQL - 
    select
        bloodbank0_.bank_id as bank_id1_1_0_,
        bloodbank0_.emplyee_count as emplyee_2_1_0_,
        bloodbank0_.established as establis3_1_0_,
        bloodbank0_.name as name4_1_0_,
        bloodbank0_.owner as owner6_1_0_,
        bloodbank0_.privately_owned as privatel5_1_0_ 
    from
        simplebloodbank.blood_bank bloodbank0_ 
    where
        bloodbank0_.bank_id=?
2021-04-18T20:54:54,805|[TRACE] BasicBinder - binding parameter [1] as [INTEGER] - [1]
2021-04-18T20:54:54,898|[DEBUG] SQL - 
    /* insert entity.BloodBank
        */ insert 
        into
            simplebloodbank.blood_bank
            (emplyee_count, established, name, owner, privately_owned) 
        values
            (?, ?, ?, ?, ?)
2021-04-18T20:54:54,899|[TRACE] BasicBinder - binding parameter [1] as [INTEGER] - [111]
2021-04-18T20:54:54,903|[TRACE] BasicBinder - binding parameter [2] as [TIMESTAMP] - [Sat Nov 11 11:11:11 EST 1111]
2021-04-18T20:54:54,910|[TRACE] BasicBinder - binding parameter [3] as [VARCHAR] - [JUNIT]
2021-04-18T20:54:54,910|[TRACE] BasicBinder - binding parameter [4] as [INTEGER] - [null]
2021-04-18T20:54:54,911|[TRACE] BasicBinder - binding parameter [5] as [BOOLEAN] - [true]
2021-04-18T20:54:55,203|[DEBUG] SQL - 
    /* insert entity.BloodDonation
        */ insert 
        into
            simplebloodbank.blood_donation
            (bank_id, blood_group, created, milliliters, rhd) 
        values
            (?, ?, ?, ?, ?)
2021-04-18T20:54:55,204|[TRACE] BasicBinder - binding parameter [1] as [INTEGER] - [1]
2021-04-18T20:54:55,204|[TRACE] BasicBinder - binding parameter [2] as [VARCHAR] - [AB]
2021-04-18T20:54:55,204|[TRACE] BasicBinder - binding parameter [3] as [TIMESTAMP] - [Sat Nov 11 11:11:11 EST 1111]
2021-04-18T20:54:55,204|[TRACE] BasicBinder - binding parameter [4] as [INTEGER] - [100]
2021-04-18T20:54:55,205|[DEBUG] AttributeConverterSqlTypeDescriptorAdapter - Converted value on binding : Negative -> -
2021-04-18T20:54:55,206|[TRACE] BasicBinder - binding parameter [5] as [VARCHAR] - [-]
2021-04-18T20:54:55,244|[DEBUG] EMFactory - getting EntityManagerFactory
2021-04-18T20:54:55,244|[DEBUG] EMFactory - initializeing EntityManagerFactory
2021-04-18T20:54:55,248|[DEBUG] SQL - 
    /* load entity.BloodDonation */ select
        blooddonat0_.donation_id as donation1_2_0_,
        blooddonat0_.bank_id as bank_id6_2_0_,
        blooddonat0_.blood_group as blood_gr2_2_0_,
        blooddonat0_.created as created3_2_0_,
        blooddonat0_.milliliters as millilit4_2_0_,
        blooddonat0_.rhd as rhd5_2_0_ 
    from
        simplebloodbank.blood_donation blooddonat0_ 
    where
        blooddonat0_.donation_id=?
2021-04-18T20:54:55,248|[TRACE] BasicBinder - binding parameter [1] as [INTEGER] - [1]
2021-04-18T20:54:55,254|[TRACE] BasicExtractor - extracted value ([bank_id6_2_0_] : [INTEGER]) - [1]
2021-04-18T20:54:55,254|[TRACE] BasicExtractor - extracted value ([blood_gr2_2_0_] : [VARCHAR]) - [AB]
2021-04-18T20:54:55,255|[TRACE] BasicExtractor - extracted value ([created3_2_0_] : [TIMESTAMP]) - [1111-11-11 11:11:11.0]
2021-04-18T20:54:55,256|[TRACE] BasicExtractor - extracted value ([millilit4_2_0_] : [INTEGER]) - [100]
2021-04-18T20:54:55,256|[TRACE] BasicExtractor - extracted value ([rhd5_2_0_] : [VARCHAR]) - [-]
2021-04-18T20:54:55,256|[DEBUG] AttributeConverterSqlTypeDescriptorAdapter - Converted value on extraction: - -> Negative
2021-04-18T20:54:55,307|[DEBUG] SQL - 
    /* delete entity.BloodDonation */ delete 
        from
            simplebloodbank.blood_donation 
        where
            donation_id=?
2021-04-18T20:54:55,308|[TRACE] BasicBinder - binding parameter [1] as [INTEGER] - [1]
]]></system-out>
    <system-err><![CDATA[Apr 18, 2021 8:54:43 PM org.apache.catalina.core.StandardService startInternal
INFO: Starting service [Tomcat]
Apr 18, 2021 8:54:43 PM org.apache.catalina.core.StandardEngine startInternal
INFO: Starting Servlet engine: [Apache Tomcat/9.0.44]
Apr 18, 2021 8:54:43 PM org.apache.catalina.startup.ContextConfig getDefaultWebXmlFragment
INFO: No global web.xml found
Apr 18, 2021 8:54:43 PM org.apache.tomcat.util.scan.StandardJarScanner processURLs
WARNING: Failed to scan [file:/C:/Users/owt79/.m2/repository/org/glassfish/jaxb/jaxb-runtime/2.3.1/jaxb-api-2.3.1.jar] from classloader hierarchy
java.io.IOException: java.lang.reflect.InvocationTargetException
	at org.apache.tomcat.util.compat.Jre9Compat.jarFileNewInstance(Jre9Compat.java:209)
	at org.apache.tomcat.util.scan.JarFileUrlJar.<init>(JarFileUrlJar.java:65)
	at org.apache.tomcat.util.scan.JarFactory.newInstance(JarFactory.java:49)
	at org.apache.tomcat.util.scan.StandardJarScanner.process(StandardJarScanner.java:383)
	at org.apache.tomcat.util.scan.StandardJarScanner.processURLs(StandardJarScanner.java:318)
	at org.apache.tomcat.util.scan.StandardJarScanner.doScanClassPath(StandardJarScanner.java:282)
	at org.apache.tomcat.util.scan.StandardJarScanner.scan(StandardJarScanner.java:233)
	at org.apache.catalina.startup.ContextConfig.processJarsForWebFragments(ContextConfig.java:2135)
	at org.apache.catalina.startup.ContextConfig.webConfig(ContextConfig.java:1289)
	at org.apache.catalina.startup.ContextConfig.configureStart(ContextConfig.java:986)
	at org.apache.catalina.startup.ContextConfig.lifecycleEvent(ContextConfig.java:303)
	at org.apache.catalina.util.LifecycleBase.fireLifecycleEvent(LifecycleBase.java:123)
	at org.apache.catalina.core.StandardContext.startInternal(StandardContext.java:5082)
	at org.apache.catalina.util.LifecycleBase.start(LifecycleBase.java:183)
	at org.apache.catalina.core.ContainerBase$StartChild.call(ContainerBase.java:1384)
	at org.apache.catalina.core.ContainerBase$StartChild.call(ContainerBase.java:1374)
	at java.base/java.util.concurrent.FutureTask.run(FutureTask.java:264)
	at org.apache.tomcat.util.threads.InlineExecutorService.execute(InlineExecutorService.java:75)
	at java.base/java.util.concurrent.AbstractExecutorService.submit(AbstractExecutorService.java:140)
	at org.apache.catalina.core.ContainerBase.startInternal(ContainerBase.java:909)
	at org.apache.catalina.core.StandardHost.startInternal(StandardHost.java:843)
	at org.apache.catalina.util.LifecycleBase.start(LifecycleBase.java:183)
	at org.apache.catalina.core.ContainerBase$StartChild.call(ContainerBase.java:1384)
	at org.apache.catalina.core.ContainerBase$StartChild.call(ContainerBase.java:1374)
	at java.base/java.util.concurrent.FutureTask.run(FutureTask.java:264)
	at org.apache.tomcat.util.threads.InlineExecutorService.execute(InlineExecutorService.java:75)
	at java.base/java.util.concurrent.AbstractExecutorService.submit(AbstractExecutorService.java:140)
	at org.apache.catalina.core.ContainerBase.startInternal(ContainerBase.java:909)
	at org.apache.catalina.core.StandardEngine.startInternal(StandardEngine.java:262)
	at org.apache.catalina.util.LifecycleBase.start(LifecycleBase.java:183)
	at org.apache.catalina.core.StandardService.startInternal(StandardService.java:434)
	at org.apache.catalina.util.LifecycleBase.start(LifecycleBase.java:183)
	at org.apache.catalina.core.StandardServer.startInternal(StandardServer.java:930)
	at org.apache.catalina.util.LifecycleBase.start(LifecycleBase.java:183)
	at org.apache.catalina.startup.Tomcat.start(Tomcat.java:486)
	at common.TomcatStartUp.createTomcat(TomcatStartUp.java:20)
	at logic.BloodDonationTest.setUpBeforeClass(BloodDonationTest.java:39)
	at java.base/jdk.internal.reflect.NativeMethodAccessorImpl.invoke0(Native Method)
	at java.base/jdk.internal.reflect.NativeMethodAccessorImpl.invoke(NativeMethodAccessorImpl.java:62)
	at java.base/jdk.internal.reflect.DelegatingMethodAccessorImpl.invoke(DelegatingMethodAccessorImpl.java:43)
	at java.base/java.lang.reflect.Method.invoke(Method.java:566)
	at org.junit.platform.commons.util.ReflectionUtils.invokeMethod(ReflectionUtils.java:688)
	at org.junit.jupiter.engine.execution.MethodInvocation.proceed(MethodInvocation.java:60)
	at org.junit.jupiter.engine.execution.InvocationInterceptorChain$ValidatingInvocation.proceed(InvocationInterceptorChain.java:131)
	at org.junit.jupiter.engine.extension.TimeoutExtension.intercept(TimeoutExtension.java:149)
	at org.junit.jupiter.engine.extension.TimeoutExtension.interceptLifecycleMethod(TimeoutExtension.java:126)
	at org.junit.jupiter.engine.extension.TimeoutExtension.interceptBeforeAllMethod(TimeoutExtension.java:68)
	at org.junit.jupiter.engine.execution.ExecutableInvoker$ReflectiveInterceptorCall.lambda$ofVoidMethod$0(ExecutableInvoker.java:115)
	at org.junit.jupiter.engine.execution.ExecutableInvoker.lambda$invoke$0(ExecutableInvoker.java:105)
	at org.junit.jupiter.engine.execution.InvocationInterceptorChain$InterceptedInvocation.proceed(InvocationInterceptorChain.java:106)
	at org.junit.jupiter.engine.execution.InvocationInterceptorChain.proceed(InvocationInterceptorChain.java:64)
	at org.junit.jupiter.engine.execution.InvocationInterceptorChain.chainAndInvoke(InvocationInterceptorChain.java:45)
	at org.junit.jupiter.engine.execution.InvocationInterceptorChain.invoke(InvocationInterceptorChain.java:37)
	at org.junit.jupiter.engine.execution.ExecutableInvoker.invoke(ExecutableInvoker.java:104)
	at org.junit.jupiter.engine.execution.ExecutableInvoker.invoke(ExecutableInvoker.java:98)
	at org.junit.jupiter.engine.descriptor.ClassBasedTestDescriptor.lambda$invokeBeforeAllMethods$9(ClassBasedTestDescriptor.java:384)
	at org.junit.platform.engine.support.hierarchical.ThrowableCollector.execute(ThrowableCollector.java:73)
	at org.junit.jupiter.engine.descriptor.ClassBasedTestDescriptor.invokeBeforeAllMethods(ClassBasedTestDescriptor.java:382)
	at org.junit.jupiter.engine.descriptor.ClassBasedTestDescriptor.before(ClassBasedTestDescriptor.java:196)
	at org.junit.jupiter.engine.descriptor.ClassBasedTestDescriptor.before(ClassBasedTestDescriptor.java:78)
	at org.junit.platform.engine.support.hierarchical.NodeTestTask.lambda$executeRecursively$5(NodeTestTask.java:136)
	at org.junit.platform.engine.support.hierarchical.ThrowableCollector.execute(ThrowableCollector.java:73)
	at org.junit.platform.engine.support.hierarchical.NodeTestTask.lambda$executeRecursively$7(NodeTestTask.java:129)
	at org.junit.platform.engine.support.hierarchical.Node.around(Node.java:137)
	at org.junit.platform.engine.support.hierarchical.NodeTestTask.lambda$executeRecursively$8(NodeTestTask.java:127)
	at org.junit.platform.engine.support.hierarchical.ThrowableCollector.execute(ThrowableCollector.java:73)
	at org.junit.platform.engine.support.hierarchical.NodeTestTask.executeRecursively(NodeTestTask.java:126)
	at org.junit.platform.engine.support.hierarchical.NodeTestTask.execute(NodeTestTask.java:84)
	at java.base/java.util.ArrayList.forEach(ArrayList.java:1541)
	at org.junit.platform.engine.support.hierarchical.SameThreadHierarchicalTestExecutorService.invokeAll(SameThreadHierarchicalTestExecutorService.java:38)
	at org.junit.platform.engine.support.hierarchical.NodeTestTask.lambda$executeRecursively$5(NodeTestTask.java:143)
	at org.junit.platform.engine.support.hierarchical.ThrowableCollector.execute(ThrowableCollector.java:73)
	at org.junit.platform.engine.support.hierarchical.NodeTestTask.lambda$executeRecursively$7(NodeTestTask.java:129)
	at org.junit.platform.engine.support.hierarchical.Node.around(Node.java:137)
	at org.junit.platform.engine.support.hierarchical.NodeTestTask.lambda$executeRecursively$8(NodeTestTask.java:127)
	at org.junit.platform.engine.support.hierarchical.ThrowableCollector.execute(ThrowableCollector.java:73)
	at org.junit.platform.engine.support.hierarchical.NodeTestTask.executeRecursively(NodeTestTask.java:126)
	at org.junit.platform.engine.support.hierarchical.NodeTestTask.execute(NodeTestTask.java:84)
	at org.junit.platform.engine.support.hierarchical.SameThreadHierarchicalTestExecutorService.submit(SameThreadHierarchicalTestExecutorService.java:32)
	at org.junit.platform.engine.support.hierarchical.HierarchicalTestExecutor.execute(HierarchicalTestExecutor.java:57)
	at org.junit.platform.engine.support.hierarchical.HierarchicalTestEngine.execute(HierarchicalTestEngine.java:51)
	at org.junit.platform.launcher.core.EngineExecutionOrchestrator.execute(EngineExecutionOrchestrator.java:108)
	at org.junit.platform.launcher.core.EngineExecutionOrchestrator.execute(EngineExecutionOrchestrator.java:88)
	at org.junit.platform.launcher.core.EngineExecutionOrchestrator.lambda$execute$0(EngineExecutionOrchestrator.java:54)
	at org.junit.platform.launcher.core.EngineExecutionOrchestrator.withInterceptedStreams(EngineExecutionOrchestrator.java:67)
	at org.junit.platform.launcher.core.EngineExecutionOrchestrator.execute(EngineExecutionOrchestrator.java:52)
	at org.junit.platform.launcher.core.DefaultLauncher.execute(DefaultLauncher.java:96)
	at org.junit.platform.launcher.core.DefaultLauncher.execute(DefaultLauncher.java:75)
	at org.apache.maven.surefire.junitplatform.JUnitPlatformProvider.execute(JUnitPlatformProvider.java:188)
	at org.apache.maven.surefire.junitplatform.JUnitPlatformProvider.invokeAllTests(JUnitPlatformProvider.java:154)
	at org.apache.maven.surefire.junitplatform.JUnitPlatformProvider.invoke(JUnitPlatformProvider.java:128)
	at org.apache.maven.surefire.booter.ForkedBooter.runSuitesInProcess(ForkedBooter.java:428)
	at org.apache.maven.surefire.booter.ForkedBooter.execute(ForkedBooter.java:162)
	at org.apache.maven.surefire.booter.ForkedBooter.run(ForkedBooter.java:562)
	at org.apache.maven.surefire.booter.ForkedBooter.main(ForkedBooter.java:548)
Caused by: java.lang.reflect.InvocationTargetException
	at java.base/jdk.internal.reflect.GeneratedConstructorAccessor17.newInstance(Unknown Source)
	at java.base/jdk.internal.reflect.DelegatingConstructorAccessorImpl.newInstance(DelegatingConstructorAccessorImpl.java:45)
	at java.base/java.lang.reflect.Constructor.newInstance(Constructor.java:490)
	at org.apache.tomcat.util.compat.Jre9Compat.jarFileNewInstance(Jre9Compat.java:206)
	... 94 more
Caused by: java.nio.file.NoSuchFileException: C:\Users\owt79\.m2\repository\org\glassfish\jaxb\jaxb-runtime\2.3.1\jaxb-api-2.3.1.jar
	at java.base/sun.nio.fs.WindowsException.translateToIOException(WindowsException.java:85)
	at java.base/sun.nio.fs.WindowsException.rethrowAsIOException(WindowsException.java:103)
	at java.base/sun.nio.fs.WindowsException.rethrowAsIOException(WindowsException.java:108)
	at java.base/sun.nio.fs.WindowsFileAttributeViews$Basic.readAttributes(WindowsFileAttributeViews.java:53)
	at java.base/sun.nio.fs.WindowsFileAttributeViews$Basic.readAttributes(WindowsFileAttributeViews.java:38)
	at java.base/sun.nio.fs.WindowsFileSystemProvider.readAttributes(WindowsFileSystemProvider.java:198)
	at java.base/java.nio.file.Files.readAttributes(Files.java:1763)
	at java.base/java.util.zip.ZipFile$Source.get(ZipFile.java:1225)
	at java.base/java.util.zip.ZipFile$CleanableResource.<init>(ZipFile.java:727)
	at java.base/java.util.zip.ZipFile$CleanableResource.get(ZipFile.java:844)
	at java.base/java.util.zip.ZipFile.<init>(ZipFile.java:247)
	at java.base/java.util.zip.ZipFile.<init>(ZipFile.java:177)
	at java.base/java.util.jar.JarFile.<init>(JarFile.java:348)
	... 98 more

Apr 18, 2021 8:54:43 PM org.apache.tomcat.util.scan.StandardJarScanner processURLs
WARNING: Failed to scan [file:/C:/Users/owt79/.m2/repository/org/glassfish/jaxb/jaxb-runtime/2.3.1/txw2-2.3.1.jar] from classloader hierarchy
java.io.IOException: java.lang.reflect.InvocationTargetException
	at org.apache.tomcat.util.compat.Jre9Compat.jarFileNewInstance(Jre9Compat.java:209)
	at org.apache.tomcat.util.scan.JarFileUrlJar.<init>(JarFileUrlJar.java:65)
	at org.apache.tomcat.util.scan.JarFactory.newInstance(JarFactory.java:49)
	at org.apache.tomcat.util.scan.StandardJarScanner.process(StandardJarScanner.java:383)
	at org.apache.tomcat.util.scan.StandardJarScanner.processURLs(StandardJarScanner.java:318)
	at org.apache.tomcat.util.scan.StandardJarScanner.doScanClassPath(StandardJarScanner.java:282)
	at org.apache.tomcat.util.scan.StandardJarScanner.scan(StandardJarScanner.java:233)
	at org.apache.catalina.startup.ContextConfig.processJarsForWebFragments(ContextConfig.java:2135)
	at org.apache.catalina.startup.ContextConfig.webConfig(ContextConfig.java:1289)
	at org.apache.catalina.startup.ContextConfig.configureStart(ContextConfig.java:986)
	at org.apache.catalina.startup.ContextConfig.lifecycleEvent(ContextConfig.java:303)
	at org.apache.catalina.util.LifecycleBase.fireLifecycleEvent(LifecycleBase.java:123)
	at org.apache.catalina.core.StandardContext.startInternal(StandardContext.java:5082)
	at org.apache.catalina.util.LifecycleBase.start(LifecycleBase.java:183)
	at org.apache.catalina.core.ContainerBase$StartChild.call(ContainerBase.java:1384)
	at org.apache.catalina.core.ContainerBase$StartChild.call(ContainerBase.java:1374)
	at java.base/java.util.concurrent.FutureTask.run(FutureTask.java:264)
	at org.apache.tomcat.util.threads.InlineExecutorService.execute(InlineExecutorService.java:75)
	at java.base/java.util.concurrent.AbstractExecutorService.submit(AbstractExecutorService.java:140)
	at org.apache.catalina.core.ContainerBase.startInternal(ContainerBase.java:909)
	at org.apache.catalina.core.StandardHost.startInternal(StandardHost.java:843)
	at org.apache.catalina.util.LifecycleBase.start(LifecycleBase.java:183)
	at org.apache.catalina.core.ContainerBase$StartChild.call(ContainerBase.java:1384)
	at org.apache.catalina.core.ContainerBase$StartChild.call(ContainerBase.java:1374)
	at java.base/java.util.concurrent.FutureTask.run(FutureTask.java:264)
	at org.apache.tomcat.util.threads.InlineExecutorService.execute(InlineExecutorService.java:75)
	at java.base/java.util.concurrent.AbstractExecutorService.submit(AbstractExecutorService.java:140)
	at org.apache.catalina.core.ContainerBase.startInternal(ContainerBase.java:909)
	at org.apache.catalina.core.StandardEngine.startInternal(StandardEngine.java:262)
	at org.apache.catalina.util.LifecycleBase.start(LifecycleBase.java:183)
	at org.apache.catalina.core.StandardService.startInternal(StandardService.java:434)
	at org.apache.catalina.util.LifecycleBase.start(LifecycleBase.java:183)
	at org.apache.catalina.core.StandardServer.startInternal(StandardServer.java:930)
	at org.apache.catalina.util.LifecycleBase.start(LifecycleBase.java:183)
	at org.apache.catalina.startup.Tomcat.start(Tomcat.java:486)
	at common.TomcatStartUp.createTomcat(TomcatStartUp.java:20)
	at logic.BloodDonationTest.setUpBeforeClass(BloodDonationTest.java:39)
	at java.base/jdk.internal.reflect.NativeMethodAccessorImpl.invoke0(Native Method)
	at java.base/jdk.internal.reflect.NativeMethodAccessorImpl.invoke(NativeMethodAccessorImpl.java:62)
	at java.base/jdk.internal.reflect.DelegatingMethodAccessorImpl.invoke(DelegatingMethodAccessorImpl.java:43)
	at java.base/java.lang.reflect.Method.invoke(Method.java:566)
	at org.junit.platform.commons.util.ReflectionUtils.invokeMethod(ReflectionUtils.java:688)
	at org.junit.jupiter.engine.execution.MethodInvocation.proceed(MethodInvocation.java:60)
	at org.junit.jupiter.engine.execution.InvocationInterceptorChain$ValidatingInvocation.proceed(InvocationInterceptorChain.java:131)
	at org.junit.jupiter.engine.extension.TimeoutExtension.intercept(TimeoutExtension.java:149)
	at org.junit.jupiter.engine.extension.TimeoutExtension.interceptLifecycleMethod(TimeoutExtension.java:126)
	at org.junit.jupiter.engine.extension.TimeoutExtension.interceptBeforeAllMethod(TimeoutExtension.java:68)
	at org.junit.jupiter.engine.execution.ExecutableInvoker$ReflectiveInterceptorCall.lambda$ofVoidMethod$0(ExecutableInvoker.java:115)
	at org.junit.jupiter.engine.execution.ExecutableInvoker.lambda$invoke$0(ExecutableInvoker.java:105)
	at org.junit.jupiter.engine.execution.InvocationInterceptorChain$InterceptedInvocation.proceed(InvocationInterceptorChain.java:106)
	at org.junit.jupiter.engine.execution.InvocationInterceptorChain.proceed(InvocationInterceptorChain.java:64)
	at org.junit.jupiter.engine.execution.InvocationInterceptorChain.chainAndInvoke(InvocationInterceptorChain.java:45)
	at org.junit.jupiter.engine.execution.InvocationInterceptorChain.invoke(InvocationInterceptorChain.java:37)
	at org.junit.jupiter.engine.execution.ExecutableInvoker.invoke(ExecutableInvoker.java:104)
	at org.junit.jupiter.engine.execution.ExecutableInvoker.invoke(ExecutableInvoker.java:98)
	at org.junit.jupiter.engine.descriptor.ClassBasedTestDescriptor.lambda$invokeBeforeAllMethods$9(ClassBasedTestDescriptor.java:384)
	at org.junit.platform.engine.support.hierarchical.ThrowableCollector.execute(ThrowableCollector.java:73)
	at org.junit.jupiter.engine.descriptor.ClassBasedTestDescriptor.invokeBeforeAllMethods(ClassBasedTestDescriptor.java:382)
	at org.junit.jupiter.engine.descriptor.ClassBasedTestDescriptor.before(ClassBasedTestDescriptor.java:196)
	at org.junit.jupiter.engine.descriptor.ClassBasedTestDescriptor.before(ClassBasedTestDescriptor.java:78)
	at org.junit.platform.engine.support.hierarchical.NodeTestTask.lambda$executeRecursively$5(NodeTestTask.java:136)
	at org.junit.platform.engine.support.hierarchical.ThrowableCollector.execute(ThrowableCollector.java:73)
	at org.junit.platform.engine.support.hierarchical.NodeTestTask.lambda$executeRecursively$7(NodeTestTask.java:129)
	at org.junit.platform.engine.support.hierarchical.Node.around(Node.java:137)
	at org.junit.platform.engine.support.hierarchical.NodeTestTask.lambda$executeRecursively$8(NodeTestTask.java:127)
	at org.junit.platform.engine.support.hierarchical.ThrowableCollector.execute(ThrowableCollector.java:73)
	at org.junit.platform.engine.support.hierarchical.NodeTestTask.executeRecursively(NodeTestTask.java:126)
	at org.junit.platform.engine.support.hierarchical.NodeTestTask.execute(NodeTestTask.java:84)
	at java.base/java.util.ArrayList.forEach(ArrayList.java:1541)
	at org.junit.platform.engine.support.hierarchical.SameThreadHierarchicalTestExecutorService.invokeAll(SameThreadHierarchicalTestExecutorService.java:38)
	at org.junit.platform.engine.support.hierarchical.NodeTestTask.lambda$executeRecursively$5(NodeTestTask.java:143)
	at org.junit.platform.engine.support.hierarchical.ThrowableCollector.execute(ThrowableCollector.java:73)
	at org.junit.platform.engine.support.hierarchical.NodeTestTask.lambda$executeRecursively$7(NodeTestTask.java:129)
	at org.junit.platform.engine.support.hierarchical.Node.around(Node.java:137)
	at org.junit.platform.engine.support.hierarchical.NodeTestTask.lambda$executeRecursively$8(NodeTestTask.java:127)
	at org.junit.platform.engine.support.hierarchical.ThrowableCollector.execute(ThrowableCollector.java:73)
	at org.junit.platform.engine.support.hierarchical.NodeTestTask.executeRecursively(NodeTestTask.java:126)
	at org.junit.platform.engine.support.hierarchical.NodeTestTask.execute(NodeTestTask.java:84)
	at org.junit.platform.engine.support.hierarchical.SameThreadHierarchicalTestExecutorService.submit(SameThreadHierarchicalTestExecutorService.java:32)
	at org.junit.platform.engine.support.hierarchical.HierarchicalTestExecutor.execute(HierarchicalTestExecutor.java:57)
	at org.junit.platform.engine.support.hierarchical.HierarchicalTestEngine.execute(HierarchicalTestEngine.java:51)
	at org.junit.platform.launcher.core.EngineExecutionOrchestrator.execute(EngineExecutionOrchestrator.java:108)
	at org.junit.platform.launcher.core.EngineExecutionOrchestrator.execute(EngineExecutionOrchestrator.java:88)
	at org.junit.platform.launcher.core.EngineExecutionOrchestrator.lambda$execute$0(EngineExecutionOrchestrator.java:54)
	at org.junit.platform.launcher.core.EngineExecutionOrchestrator.withInterceptedStreams(EngineExecutionOrchestrator.java:67)
	at org.junit.platform.launcher.core.EngineExecutionOrchestrator.execute(EngineExecutionOrchestrator.java:52)
	at org.junit.platform.launcher.core.DefaultLauncher.execute(DefaultLauncher.java:96)
	at org.junit.platform.launcher.core.DefaultLauncher.execute(DefaultLauncher.java:75)
	at org.apache.maven.surefire.junitplatform.JUnitPlatformProvider.execute(JUnitPlatformProvider.java:188)
	at org.apache.maven.surefire.junitplatform.JUnitPlatformProvider.invokeAllTests(JUnitPlatformProvider.java:154)
	at org.apache.maven.surefire.junitplatform.JUnitPlatformProvider.invoke(JUnitPlatformProvider.java:128)
	at org.apache.maven.surefire.booter.ForkedBooter.runSuitesInProcess(ForkedBooter.java:428)
	at org.apache.maven.surefire.booter.ForkedBooter.execute(ForkedBooter.java:162)
	at org.apache.maven.surefire.booter.ForkedBooter.run(ForkedBooter.java:562)
	at org.apache.maven.surefire.booter.ForkedBooter.main(ForkedBooter.java:548)
Caused by: java.lang.reflect.InvocationTargetException
	at java.base/jdk.internal.reflect.GeneratedConstructorAccessor17.newInstance(Unknown Source)
	at java.base/jdk.internal.reflect.DelegatingConstructorAccessorImpl.newInstance(DelegatingConstructorAccessorImpl.java:45)
	at java.base/java.lang.reflect.Constructor.newInstance(Constructor.java:490)
	at org.apache.tomcat.util.compat.Jre9Compat.jarFileNewInstance(Jre9Compat.java:206)
	... 94 more
Caused by: java.nio.file.NoSuchFileException: C:\Users\owt79\.m2\repository\org\glassfish\jaxb\jaxb-runtime\2.3.1\txw2-2.3.1.jar
	at java.base/sun.nio.fs.WindowsException.translateToIOException(WindowsException.java:85)
	at java.base/sun.nio.fs.WindowsException.rethrowAsIOException(WindowsException.java:103)
	at java.base/sun.nio.fs.WindowsException.rethrowAsIOException(WindowsException.java:108)
	at java.base/sun.nio.fs.WindowsFileAttributeViews$Basic.readAttributes(WindowsFileAttributeViews.java:53)
	at java.base/sun.nio.fs.WindowsFileAttributeViews$Basic.readAttributes(WindowsFileAttributeViews.java:38)
	at java.base/sun.nio.fs.WindowsFileSystemProvider.readAttributes(WindowsFileSystemProvider.java:198)
	at java.base/java.nio.file.Files.readAttributes(Files.java:1763)
	at java.base/java.util.zip.ZipFile$Source.get(ZipFile.java:1225)
	at java.base/java.util.zip.ZipFile$CleanableResource.<init>(ZipFile.java:727)
	at java.base/java.util.zip.ZipFile$CleanableResource.get(ZipFile.java:844)
	at java.base/java.util.zip.ZipFile.<init>(ZipFile.java:247)
	at java.base/java.util.zip.ZipFile.<init>(ZipFile.java:177)
	at java.base/java.util.jar.JarFile.<init>(JarFile.java:348)
	... 98 more

Apr 18, 2021 8:54:43 PM org.apache.tomcat.util.scan.StandardJarScanner processURLs
WARNING: Failed to scan [file:/C:/Users/owt79/.m2/repository/org/glassfish/jaxb/jaxb-runtime/2.3.1/istack-commons-runtime-3.0.7.jar] from classloader hierarchy
java.io.IOException: java.lang.reflect.InvocationTargetException
	at org.apache.tomcat.util.compat.Jre9Compat.jarFileNewInstance(Jre9Compat.java:209)
	at org.apache.tomcat.util.scan.JarFileUrlJar.<init>(JarFileUrlJar.java:65)
	at org.apache.tomcat.util.scan.JarFactory.newInstance(JarFactory.java:49)
	at org.apache.tomcat.util.scan.StandardJarScanner.process(StandardJarScanner.java:383)
	at org.apache.tomcat.util.scan.StandardJarScanner.processURLs(StandardJarScanner.java:318)
	at org.apache.tomcat.util.scan.StandardJarScanner.doScanClassPath(StandardJarScanner.java:282)
	at org.apache.tomcat.util.scan.StandardJarScanner.scan(StandardJarScanner.java:233)
	at org.apache.catalina.startup.ContextConfig.processJarsForWebFragments(ContextConfig.java:2135)
	at org.apache.catalina.startup.ContextConfig.webConfig(ContextConfig.java:1289)
	at org.apache.catalina.startup.ContextConfig.configureStart(ContextConfig.java:986)
	at org.apache.catalina.startup.ContextConfig.lifecycleEvent(ContextConfig.java:303)
	at org.apache.catalina.util.LifecycleBase.fireLifecycleEvent(LifecycleBase.java:123)
	at org.apache.catalina.core.StandardContext.startInternal(StandardContext.java:5082)
	at org.apache.catalina.util.LifecycleBase.start(LifecycleBase.java:183)
	at org.apache.catalina.core.ContainerBase$StartChild.call(ContainerBase.java:1384)
	at org.apache.catalina.core.ContainerBase$StartChild.call(ContainerBase.java:1374)
	at java.base/java.util.concurrent.FutureTask.run(FutureTask.java:264)
	at org.apache.tomcat.util.threads.InlineExecutorService.execute(InlineExecutorService.java:75)
	at java.base/java.util.concurrent.AbstractExecutorService.submit(AbstractExecutorService.java:140)
	at org.apache.catalina.core.ContainerBase.startInternal(ContainerBase.java:909)
	at org.apache.catalina.core.StandardHost.startInternal(StandardHost.java:843)
	at org.apache.catalina.util.LifecycleBase.start(LifecycleBase.java:183)
	at org.apache.catalina.core.ContainerBase$StartChild.call(ContainerBase.java:1384)
	at org.apache.catalina.core.ContainerBase$StartChild.call(ContainerBase.java:1374)
	at java.base/java.util.concurrent.FutureTask.run(FutureTask.java:264)
	at org.apache.tomcat.util.threads.InlineExecutorService.execute(InlineExecutorService.java:75)
	at java.base/java.util.concurrent.AbstractExecutorService.submit(AbstractExecutorService.java:140)
	at org.apache.catalina.core.ContainerBase.startInternal(ContainerBase.java:909)
	at org.apache.catalina.core.StandardEngine.startInternal(StandardEngine.java:262)
	at org.apache.catalina.util.LifecycleBase.start(LifecycleBase.java:183)
	at org.apache.catalina.core.StandardService.startInternal(StandardService.java:434)
	at org.apache.catalina.util.LifecycleBase.start(LifecycleBase.java:183)
	at org.apache.catalina.core.StandardServer.startInternal(StandardServer.java:930)
	at org.apache.catalina.util.LifecycleBase.start(LifecycleBase.java:183)
	at org.apache.catalina.startup.Tomcat.start(Tomcat.java:486)
	at common.TomcatStartUp.createTomcat(TomcatStartUp.java:20)
	at logic.BloodDonationTest.setUpBeforeClass(BloodDonationTest.java:39)
	at java.base/jdk.internal.reflect.NativeMethodAccessorImpl.invoke0(Native Method)
	at java.base/jdk.internal.reflect.NativeMethodAccessorImpl.invoke(NativeMethodAccessorImpl.java:62)
	at java.base/jdk.internal.reflect.DelegatingMethodAccessorImpl.invoke(DelegatingMethodAccessorImpl.java:43)
	at java.base/java.lang.reflect.Method.invoke(Method.java:566)
	at org.junit.platform.commons.util.ReflectionUtils.invokeMethod(ReflectionUtils.java:688)
	at org.junit.jupiter.engine.execution.MethodInvocation.proceed(MethodInvocation.java:60)
	at org.junit.jupiter.engine.execution.InvocationInterceptorChain$ValidatingInvocation.proceed(InvocationInterceptorChain.java:131)
	at org.junit.jupiter.engine.extension.TimeoutExtension.intercept(TimeoutExtension.java:149)
	at org.junit.jupiter.engine.extension.TimeoutExtension.interceptLifecycleMethod(TimeoutExtension.java:126)
	at org.junit.jupiter.engine.extension.TimeoutExtension.interceptBeforeAllMethod(TimeoutExtension.java:68)
	at org.junit.jupiter.engine.execution.ExecutableInvoker$ReflectiveInterceptorCall.lambda$ofVoidMethod$0(ExecutableInvoker.java:115)
	at org.junit.jupiter.engine.execution.ExecutableInvoker.lambda$invoke$0(ExecutableInvoker.java:105)
	at org.junit.jupiter.engine.execution.InvocationInterceptorChain$InterceptedInvocation.proceed(InvocationInterceptorChain.java:106)
	at org.junit.jupiter.engine.execution.InvocationInterceptorChain.proceed(InvocationInterceptorChain.java:64)
	at org.junit.jupiter.engine.execution.InvocationInterceptorChain.chainAndInvoke(InvocationInterceptorChain.java:45)
	at org.junit.jupiter.engine.execution.InvocationInterceptorChain.invoke(InvocationInterceptorChain.java:37)
	at org.junit.jupiter.engine.execution.ExecutableInvoker.invoke(ExecutableInvoker.java:104)
	at org.junit.jupiter.engine.execution.ExecutableInvoker.invoke(ExecutableInvoker.java:98)
	at org.junit.jupiter.engine.descriptor.ClassBasedTestDescriptor.lambda$invokeBeforeAllMethods$9(ClassBasedTestDescriptor.java:384)
	at org.junit.platform.engine.support.hierarchical.ThrowableCollector.execute(ThrowableCollector.java:73)
	at org.junit.jupiter.engine.descriptor.ClassBasedTestDescriptor.invokeBeforeAllMethods(ClassBasedTestDescriptor.java:382)
	at org.junit.jupiter.engine.descriptor.ClassBasedTestDescriptor.before(ClassBasedTestDescriptor.java:196)
	at org.junit.jupiter.engine.descriptor.ClassBasedTestDescriptor.before(ClassBasedTestDescriptor.java:78)
	at org.junit.platform.engine.support.hierarchical.NodeTestTask.lambda$executeRecursively$5(NodeTestTask.java:136)
	at org.junit.platform.engine.support.hierarchical.ThrowableCollector.execute(ThrowableCollector.java:73)
	at org.junit.platform.engine.support.hierarchical.NodeTestTask.lambda$executeRecursively$7(NodeTestTask.java:129)
	at org.junit.platform.engine.support.hierarchical.Node.around(Node.java:137)
	at org.junit.platform.engine.support.hierarchical.NodeTestTask.lambda$executeRecursively$8(NodeTestTask.java:127)
	at org.junit.platform.engine.support.hierarchical.ThrowableCollector.execute(ThrowableCollector.java:73)
	at org.junit.platform.engine.support.hierarchical.NodeTestTask.executeRecursively(NodeTestTask.java:126)
	at org.junit.platform.engine.support.hierarchical.NodeTestTask.execute(NodeTestTask.java:84)
	at java.base/java.util.ArrayList.forEach(ArrayList.java:1541)
	at org.junit.platform.engine.support.hierarchical.SameThreadHierarchicalTestExecutorService.invokeAll(SameThreadHierarchicalTestExecutorService.java:38)
	at org.junit.platform.engine.support.hierarchical.NodeTestTask.lambda$executeRecursively$5(NodeTestTask.java:143)
	at org.junit.platform.engine.support.hierarchical.ThrowableCollector.execute(ThrowableCollector.java:73)
	at org.junit.platform.engine.support.hierarchical.NodeTestTask.lambda$executeRecursively$7(NodeTestTask.java:129)
	at org.junit.platform.engine.support.hierarchical.Node.around(Node.java:137)
	at org.junit.platform.engine.support.hierarchical.NodeTestTask.lambda$executeRecursively$8(NodeTestTask.java:127)
	at org.junit.platform.engine.support.hierarchical.ThrowableCollector.execute(ThrowableCollector.java:73)
	at org.junit.platform.engine.support.hierarchical.NodeTestTask.executeRecursively(NodeTestTask.java:126)
	at org.junit.platform.engine.support.hierarchical.NodeTestTask.execute(NodeTestTask.java:84)
	at org.junit.platform.engine.support.hierarchical.SameThreadHierarchicalTestExecutorService.submit(SameThreadHierarchicalTestExecutorService.java:32)
	at org.junit.platform.engine.support.hierarchical.HierarchicalTestExecutor.execute(HierarchicalTestExecutor.java:57)
	at org.junit.platform.engine.support.hierarchical.HierarchicalTestEngine.execute(HierarchicalTestEngine.java:51)
	at org.junit.platform.launcher.core.EngineExecutionOrchestrator.execute(EngineExecutionOrchestrator.java:108)
	at org.junit.platform.launcher.core.EngineExecutionOrchestrator.execute(EngineExecutionOrchestrator.java:88)
	at org.junit.platform.launcher.core.EngineExecutionOrchestrator.lambda$execute$0(EngineExecutionOrchestrator.java:54)
	at org.junit.platform.launcher.core.EngineExecutionOrchestrator.withInterceptedStreams(EngineExecutionOrchestrator.java:67)
	at org.junit.platform.launcher.core.EngineExecutionOrchestrator.execute(EngineExecutionOrchestrator.java:52)
	at org.junit.platform.launcher.core.DefaultLauncher.execute(DefaultLauncher.java:96)
	at org.junit.platform.launcher.core.DefaultLauncher.execute(DefaultLauncher.java:75)
	at org.apache.maven.surefire.junitplatform.JUnitPlatformProvider.execute(JUnitPlatformProvider.java:188)
	at org.apache.maven.surefire.junitplatform.JUnitPlatformProvider.invokeAllTests(JUnitPlatformProvider.java:154)
	at org.apache.maven.surefire.junitplatform.JUnitPlatformProvider.invoke(JUnitPlatformProvider.java:128)
	at org.apache.maven.surefire.booter.ForkedBooter.runSuitesInProcess(ForkedBooter.java:428)
	at org.apache.maven.surefire.booter.ForkedBooter.execute(ForkedBooter.java:162)
	at org.apache.maven.surefire.booter.ForkedBooter.run(ForkedBooter.java:562)
	at org.apache.maven.surefire.booter.ForkedBooter.main(ForkedBooter.java:548)
Caused by: java.lang.reflect.InvocationTargetException
	at java.base/jdk.internal.reflect.GeneratedConstructorAccessor17.newInstance(Unknown Source)
	at java.base/jdk.internal.reflect.DelegatingConstructorAccessorImpl.newInstance(DelegatingConstructorAccessorImpl.java:45)
	at java.base/java.lang.reflect.Constructor.newInstance(Constructor.java:490)
	at org.apache.tomcat.util.compat.Jre9Compat.jarFileNewInstance(Jre9Compat.java:206)
	... 94 more
Caused by: java.nio.file.NoSuchFileException: C:\Users\owt79\.m2\repository\org\glassfish\jaxb\jaxb-runtime\2.3.1\istack-commons-runtime-3.0.7.jar
	at java.base/sun.nio.fs.WindowsException.translateToIOException(WindowsException.java:85)
	at java.base/sun.nio.fs.WindowsException.rethrowAsIOException(WindowsException.java:103)
	at java.base/sun.nio.fs.WindowsException.rethrowAsIOException(WindowsException.java:108)
	at java.base/sun.nio.fs.WindowsFileAttributeViews$Basic.readAttributes(WindowsFileAttributeViews.java:53)
	at java.base/sun.nio.fs.WindowsFileAttributeViews$Basic.readAttributes(WindowsFileAttributeViews.java:38)
	at java.base/sun.nio.fs.WindowsFileSystemProvider.readAttributes(WindowsFileSystemProvider.java:198)
	at java.base/java.nio.file.Files.readAttributes(Files.java:1763)
	at java.base/java.util.zip.ZipFile$Source.get(ZipFile.java:1225)
	at java.base/java.util.zip.ZipFile$CleanableResource.<init>(ZipFile.java:727)
	at java.base/java.util.zip.ZipFile$CleanableResource.get(ZipFile.java:844)
	at java.base/java.util.zip.ZipFile.<init>(ZipFile.java:247)
	at java.base/java.util.zip.ZipFile.<init>(ZipFile.java:177)
	at java.base/java.util.jar.JarFile.<init>(JarFile.java:348)
	... 98 more

Apr 18, 2021 8:54:43 PM org.apache.tomcat.util.scan.StandardJarScanner processURLs
WARNING: Failed to scan [file:/C:/Users/owt79/.m2/repository/org/glassfish/jaxb/jaxb-runtime/2.3.1/stax-ex-1.8.jar] from classloader hierarchy
java.io.IOException: java.lang.reflect.InvocationTargetException
	at org.apache.tomcat.util.compat.Jre9Compat.jarFileNewInstance(Jre9Compat.java:209)
	at org.apache.tomcat.util.scan.JarFileUrlJar.<init>(JarFileUrlJar.java:65)
	at org.apache.tomcat.util.scan.JarFactory.newInstance(JarFactory.java:49)
	at org.apache.tomcat.util.scan.StandardJarScanner.process(StandardJarScanner.java:383)
	at org.apache.tomcat.util.scan.StandardJarScanner.processURLs(StandardJarScanner.java:318)
	at org.apache.tomcat.util.scan.StandardJarScanner.doScanClassPath(StandardJarScanner.java:282)
	at org.apache.tomcat.util.scan.StandardJarScanner.scan(StandardJarScanner.java:233)
	at org.apache.catalina.startup.ContextConfig.processJarsForWebFragments(ContextConfig.java:2135)
	at org.apache.catalina.startup.ContextConfig.webConfig(ContextConfig.java:1289)
	at org.apache.catalina.startup.ContextConfig.configureStart(ContextConfig.java:986)
	at org.apache.catalina.startup.ContextConfig.lifecycleEvent(ContextConfig.java:303)
	at org.apache.catalina.util.LifecycleBase.fireLifecycleEvent(LifecycleBase.java:123)
	at org.apache.catalina.core.StandardContext.startInternal(StandardContext.java:5082)
	at org.apache.catalina.util.LifecycleBase.start(LifecycleBase.java:183)
	at org.apache.catalina.core.ContainerBase$StartChild.call(ContainerBase.java:1384)
	at org.apache.catalina.core.ContainerBase$StartChild.call(ContainerBase.java:1374)
	at java.base/java.util.concurrent.FutureTask.run(FutureTask.java:264)
	at org.apache.tomcat.util.threads.InlineExecutorService.execute(InlineExecutorService.java:75)
	at java.base/java.util.concurrent.AbstractExecutorService.submit(AbstractExecutorService.java:140)
	at org.apache.catalina.core.ContainerBase.startInternal(ContainerBase.java:909)
	at org.apache.catalina.core.StandardHost.startInternal(StandardHost.java:843)
	at org.apache.catalina.util.LifecycleBase.start(LifecycleBase.java:183)
	at org.apache.catalina.core.ContainerBase$StartChild.call(ContainerBase.java:1384)
	at org.apache.catalina.core.ContainerBase$StartChild.call(ContainerBase.java:1374)
	at java.base/java.util.concurrent.FutureTask.run(FutureTask.java:264)
	at org.apache.tomcat.util.threads.InlineExecutorService.execute(InlineExecutorService.java:75)
	at java.base/java.util.concurrent.AbstractExecutorService.submit(AbstractExecutorService.java:140)
	at org.apache.catalina.core.ContainerBase.startInternal(ContainerBase.java:909)
	at org.apache.catalina.core.StandardEngine.startInternal(StandardEngine.java:262)
	at org.apache.catalina.util.LifecycleBase.start(LifecycleBase.java:183)
	at org.apache.catalina.core.StandardService.startInternal(StandardService.java:434)
	at org.apache.catalina.util.LifecycleBase.start(LifecycleBase.java:183)
	at org.apache.catalina.core.StandardServer.startInternal(StandardServer.java:930)
	at org.apache.catalina.util.LifecycleBase.start(LifecycleBase.java:183)
	at org.apache.catalina.startup.Tomcat.start(Tomcat.java:486)
	at common.TomcatStartUp.createTomcat(TomcatStartUp.java:20)
	at logic.BloodDonationTest.setUpBeforeClass(BloodDonationTest.java:39)
	at java.base/jdk.internal.reflect.NativeMethodAccessorImpl.invoke0(Native Method)
	at java.base/jdk.internal.reflect.NativeMethodAccessorImpl.invoke(NativeMethodAccessorImpl.java:62)
	at java.base/jdk.internal.reflect.DelegatingMethodAccessorImpl.invoke(DelegatingMethodAccessorImpl.java:43)
	at java.base/java.lang.reflect.Method.invoke(Method.java:566)
	at org.junit.platform.commons.util.ReflectionUtils.invokeMethod(ReflectionUtils.java:688)
	at org.junit.jupiter.engine.execution.MethodInvocation.proceed(MethodInvocation.java:60)
	at org.junit.jupiter.engine.execution.InvocationInterceptorChain$ValidatingInvocation.proceed(InvocationInterceptorChain.java:131)
	at org.junit.jupiter.engine.extension.TimeoutExtension.intercept(TimeoutExtension.java:149)
	at org.junit.jupiter.engine.extension.TimeoutExtension.interceptLifecycleMethod(TimeoutExtension.java:126)
	at org.junit.jupiter.engine.extension.TimeoutExtension.interceptBeforeAllMethod(TimeoutExtension.java:68)
	at org.junit.jupiter.engine.execution.ExecutableInvoker$ReflectiveInterceptorCall.lambda$ofVoidMethod$0(ExecutableInvoker.java:115)
	at org.junit.jupiter.engine.execution.ExecutableInvoker.lambda$invoke$0(ExecutableInvoker.java:105)
	at org.junit.jupiter.engine.execution.InvocationInterceptorChain$InterceptedInvocation.proceed(InvocationInterceptorChain.java:106)
	at org.junit.jupiter.engine.execution.InvocationInterceptorChain.proceed(InvocationInterceptorChain.java:64)
	at org.junit.jupiter.engine.execution.InvocationInterceptorChain.chainAndInvoke(InvocationInterceptorChain.java:45)
	at org.junit.jupiter.engine.execution.InvocationInterceptorChain.invoke(InvocationInterceptorChain.java:37)
	at org.junit.jupiter.engine.execution.ExecutableInvoker.invoke(ExecutableInvoker.java:104)
	at org.junit.jupiter.engine.execution.ExecutableInvoker.invoke(ExecutableInvoker.java:98)
	at org.junit.jupiter.engine.descriptor.ClassBasedTestDescriptor.lambda$invokeBeforeAllMethods$9(ClassBasedTestDescriptor.java:384)
	at org.junit.platform.engine.support.hierarchical.ThrowableCollector.execute(ThrowableCollector.java:73)
	at org.junit.jupiter.engine.descriptor.ClassBasedTestDescriptor.invokeBeforeAllMethods(ClassBasedTestDescriptor.java:382)
	at org.junit.jupiter.engine.descriptor.ClassBasedTestDescriptor.before(ClassBasedTestDescriptor.java:196)
	at org.junit.jupiter.engine.descriptor.ClassBasedTestDescriptor.before(ClassBasedTestDescriptor.java:78)
	at org.junit.platform.engine.support.hierarchical.NodeTestTask.lambda$executeRecursively$5(NodeTestTask.java:136)
	at org.junit.platform.engine.support.hierarchical.ThrowableCollector.execute(ThrowableCollector.java:73)
	at org.junit.platform.engine.support.hierarchical.NodeTestTask.lambda$executeRecursively$7(NodeTestTask.java:129)
	at org.junit.platform.engine.support.hierarchical.Node.around(Node.java:137)
	at org.junit.platform.engine.support.hierarchical.NodeTestTask.lambda$executeRecursively$8(NodeTestTask.java:127)
	at org.junit.platform.engine.support.hierarchical.ThrowableCollector.execute(ThrowableCollector.java:73)
	at org.junit.platform.engine.support.hierarchical.NodeTestTask.executeRecursively(NodeTestTask.java:126)
	at org.junit.platform.engine.support.hierarchical.NodeTestTask.execute(NodeTestTask.java:84)
	at java.base/java.util.ArrayList.forEach(ArrayList.java:1541)
	at org.junit.platform.engine.support.hierarchical.SameThreadHierarchicalTestExecutorService.invokeAll(SameThreadHierarchicalTestExecutorService.java:38)
	at org.junit.platform.engine.support.hierarchical.NodeTestTask.lambda$executeRecursively$5(NodeTestTask.java:143)
	at org.junit.platform.engine.support.hierarchical.ThrowableCollector.execute(ThrowableCollector.java:73)
	at org.junit.platform.engine.support.hierarchical.NodeTestTask.lambda$executeRecursively$7(NodeTestTask.java:129)
	at org.junit.platform.engine.support.hierarchical.Node.around(Node.java:137)
	at org.junit.platform.engine.support.hierarchical.NodeTestTask.lambda$executeRecursively$8(NodeTestTask.java:127)
	at org.junit.platform.engine.support.hierarchical.ThrowableCollector.execute(ThrowableCollector.java:73)
	at org.junit.platform.engine.support.hierarchical.NodeTestTask.executeRecursively(NodeTestTask.java:126)
	at org.junit.platform.engine.support.hierarchical.NodeTestTask.execute(NodeTestTask.java:84)
	at org.junit.platform.engine.support.hierarchical.SameThreadHierarchicalTestExecutorService.submit(SameThreadHierarchicalTestExecutorService.java:32)
	at org.junit.platform.engine.support.hierarchical.HierarchicalTestExecutor.execute(HierarchicalTestExecutor.java:57)
	at org.junit.platform.engine.support.hierarchical.HierarchicalTestEngine.execute(HierarchicalTestEngine.java:51)
	at org.junit.platform.launcher.core.EngineExecutionOrchestrator.execute(EngineExecutionOrchestrator.java:108)
	at org.junit.platform.launcher.core.EngineExecutionOrchestrator.execute(EngineExecutionOrchestrator.java:88)
	at org.junit.platform.launcher.core.EngineExecutionOrchestrator.lambda$execute$0(EngineExecutionOrchestrator.java:54)
	at org.junit.platform.launcher.core.EngineExecutionOrchestrator.withInterceptedStreams(EngineExecutionOrchestrator.java:67)
	at org.junit.platform.launcher.core.EngineExecutionOrchestrator.execute(EngineExecutionOrchestrator.java:52)
	at org.junit.platform.launcher.core.DefaultLauncher.execute(DefaultLauncher.java:96)
	at org.junit.platform.launcher.core.DefaultLauncher.execute(DefaultLauncher.java:75)
	at org.apache.maven.surefire.junitplatform.JUnitPlatformProvider.execute(JUnitPlatformProvider.java:188)
	at org.apache.maven.surefire.junitplatform.JUnitPlatformProvider.invokeAllTests(JUnitPlatformProvider.java:154)
	at org.apache.maven.surefire.junitplatform.JUnitPlatformProvider.invoke(JUnitPlatformProvider.java:128)
	at org.apache.maven.surefire.booter.ForkedBooter.runSuitesInProcess(ForkedBooter.java:428)
	at org.apache.maven.surefire.booter.ForkedBooter.execute(ForkedBooter.java:162)
	at org.apache.maven.surefire.booter.ForkedBooter.run(ForkedBooter.java:562)
	at org.apache.maven.surefire.booter.ForkedBooter.main(ForkedBooter.java:548)
Caused by: java.lang.reflect.InvocationTargetException
	at java.base/jdk.internal.reflect.GeneratedConstructorAccessor17.newInstance(Unknown Source)
	at java.base/jdk.internal.reflect.DelegatingConstructorAccessorImpl.newInstance(DelegatingConstructorAccessorImpl.java:45)
	at java.base/java.lang.reflect.Constructor.newInstance(Constructor.java:490)
	at org.apache.tomcat.util.compat.Jre9Compat.jarFileNewInstance(Jre9Compat.java:206)
	... 94 more
Caused by: java.nio.file.NoSuchFileException: C:\Users\owt79\.m2\repository\org\glassfish\jaxb\jaxb-runtime\2.3.1\stax-ex-1.8.jar
	at java.base/sun.nio.fs.WindowsException.translateToIOException(WindowsException.java:85)
	at java.base/sun.nio.fs.WindowsException.rethrowAsIOException(WindowsException.java:103)
	at java.base/sun.nio.fs.WindowsException.rethrowAsIOException(WindowsException.java:108)
	at java.base/sun.nio.fs.WindowsFileAttributeViews$Basic.readAttributes(WindowsFileAttributeViews.java:53)
	at java.base/sun.nio.fs.WindowsFileAttributeViews$Basic.readAttributes(WindowsFileAttributeViews.java:38)
	at java.base/sun.nio.fs.WindowsFileSystemProvider.readAttributes(WindowsFileSystemProvider.java:198)
	at java.base/java.nio.file.Files.readAttributes(Files.java:1763)
	at java.base/java.util.zip.ZipFile$Source.get(ZipFile.java:1225)
	at java.base/java.util.zip.ZipFile$CleanableResource.<init>(ZipFile.java:727)
	at java.base/java.util.zip.ZipFile$CleanableResource.get(ZipFile.java:844)
	at java.base/java.util.zip.ZipFile.<init>(ZipFile.java:247)
	at java.base/java.util.zip.ZipFile.<init>(ZipFile.java:177)
	at java.base/java.util.jar.JarFile.<init>(JarFile.java:348)
	... 98 more

Apr 18, 2021 8:54:43 PM org.apache.tomcat.util.scan.StandardJarScanner processURLs
WARNING: Failed to scan [file:/C:/Users/owt79/.m2/repository/org/glassfish/jaxb/jaxb-runtime/2.3.1/FastInfoset-1.2.15.jar] from classloader hierarchy
java.io.IOException: java.lang.reflect.InvocationTargetException
	at org.apache.tomcat.util.compat.Jre9Compat.jarFileNewInstance(Jre9Compat.java:209)
	at org.apache.tomcat.util.scan.JarFileUrlJar.<init>(JarFileUrlJar.java:65)
	at org.apache.tomcat.util.scan.JarFactory.newInstance(JarFactory.java:49)
	at org.apache.tomcat.util.scan.StandardJarScanner.process(StandardJarScanner.java:383)
	at org.apache.tomcat.util.scan.StandardJarScanner.processURLs(StandardJarScanner.java:318)
	at org.apache.tomcat.util.scan.StandardJarScanner.doScanClassPath(StandardJarScanner.java:282)
	at org.apache.tomcat.util.scan.StandardJarScanner.scan(StandardJarScanner.java:233)
	at org.apache.catalina.startup.ContextConfig.processJarsForWebFragments(ContextConfig.java:2135)
	at org.apache.catalina.startup.ContextConfig.webConfig(ContextConfig.java:1289)
	at org.apache.catalina.startup.ContextConfig.configureStart(ContextConfig.java:986)
	at org.apache.catalina.startup.ContextConfig.lifecycleEvent(ContextConfig.java:303)
	at org.apache.catalina.util.LifecycleBase.fireLifecycleEvent(LifecycleBase.java:123)
	at org.apache.catalina.core.StandardContext.startInternal(StandardContext.java:5082)
	at org.apache.catalina.util.LifecycleBase.start(LifecycleBase.java:183)
	at org.apache.catalina.core.ContainerBase$StartChild.call(ContainerBase.java:1384)
	at org.apache.catalina.core.ContainerBase$StartChild.call(ContainerBase.java:1374)
	at java.base/java.util.concurrent.FutureTask.run(FutureTask.java:264)
	at org.apache.tomcat.util.threads.InlineExecutorService.execute(InlineExecutorService.java:75)
	at java.base/java.util.concurrent.AbstractExecutorService.submit(AbstractExecutorService.java:140)
	at org.apache.catalina.core.ContainerBase.startInternal(ContainerBase.java:909)
	at org.apache.catalina.core.StandardHost.startInternal(StandardHost.java:843)
	at org.apache.catalina.util.LifecycleBase.start(LifecycleBase.java:183)
	at org.apache.catalina.core.ContainerBase$StartChild.call(ContainerBase.java:1384)
	at org.apache.catalina.core.ContainerBase$StartChild.call(ContainerBase.java:1374)
	at java.base/java.util.concurrent.FutureTask.run(FutureTask.java:264)
	at org.apache.tomcat.util.threads.InlineExecutorService.execute(InlineExecutorService.java:75)
	at java.base/java.util.concurrent.AbstractExecutorService.submit(AbstractExecutorService.java:140)
	at org.apache.catalina.core.ContainerBase.startInternal(ContainerBase.java:909)
	at org.apache.catalina.core.StandardEngine.startInternal(StandardEngine.java:262)
	at org.apache.catalina.util.LifecycleBase.start(LifecycleBase.java:183)
	at org.apache.catalina.core.StandardService.startInternal(StandardService.java:434)
	at org.apache.catalina.util.LifecycleBase.start(LifecycleBase.java:183)
	at org.apache.catalina.core.StandardServer.startInternal(StandardServer.java:930)
	at org.apache.catalina.util.LifecycleBase.start(LifecycleBase.java:183)
	at org.apache.catalina.startup.Tomcat.start(Tomcat.java:486)
	at common.TomcatStartUp.createTomcat(TomcatStartUp.java:20)
	at logic.BloodDonationTest.setUpBeforeClass(BloodDonationTest.java:39)
	at java.base/jdk.internal.reflect.NativeMethodAccessorImpl.invoke0(Native Method)
	at java.base/jdk.internal.reflect.NativeMethodAccessorImpl.invoke(NativeMethodAccessorImpl.java:62)
	at java.base/jdk.internal.reflect.DelegatingMethodAccessorImpl.invoke(DelegatingMethodAccessorImpl.java:43)
	at java.base/java.lang.reflect.Method.invoke(Method.java:566)
	at org.junit.platform.commons.util.ReflectionUtils.invokeMethod(ReflectionUtils.java:688)
	at org.junit.jupiter.engine.execution.MethodInvocation.proceed(MethodInvocation.java:60)
	at org.junit.jupiter.engine.execution.InvocationInterceptorChain$ValidatingInvocation.proceed(InvocationInterceptorChain.java:131)
	at org.junit.jupiter.engine.extension.TimeoutExtension.intercept(TimeoutExtension.java:149)
	at org.junit.jupiter.engine.extension.TimeoutExtension.interceptLifecycleMethod(TimeoutExtension.java:126)
	at org.junit.jupiter.engine.extension.TimeoutExtension.interceptBeforeAllMethod(TimeoutExtension.java:68)
	at org.junit.jupiter.engine.execution.ExecutableInvoker$ReflectiveInterceptorCall.lambda$ofVoidMethod$0(ExecutableInvoker.java:115)
	at org.junit.jupiter.engine.execution.ExecutableInvoker.lambda$invoke$0(ExecutableInvoker.java:105)
	at org.junit.jupiter.engine.execution.InvocationInterceptorChain$InterceptedInvocation.proceed(InvocationInterceptorChain.java:106)
	at org.junit.jupiter.engine.execution.InvocationInterceptorChain.proceed(InvocationInterceptorChain.java:64)
	at org.junit.jupiter.engine.execution.InvocationInterceptorChain.chainAndInvoke(InvocationInterceptorChain.java:45)
	at org.junit.jupiter.engine.execution.InvocationInterceptorChain.invoke(InvocationInterceptorChain.java:37)
	at org.junit.jupiter.engine.execution.ExecutableInvoker.invoke(ExecutableInvoker.java:104)
	at org.junit.jupiter.engine.execution.ExecutableInvoker.invoke(ExecutableInvoker.java:98)
	at org.junit.jupiter.engine.descriptor.ClassBasedTestDescriptor.lambda$invokeBeforeAllMethods$9(ClassBasedTestDescriptor.java:384)
	at org.junit.platform.engine.support.hierarchical.ThrowableCollector.execute(ThrowableCollector.java:73)
	at org.junit.jupiter.engine.descriptor.ClassBasedTestDescriptor.invokeBeforeAllMethods(ClassBasedTestDescriptor.java:382)
	at org.junit.jupiter.engine.descriptor.ClassBasedTestDescriptor.before(ClassBasedTestDescriptor.java:196)
	at org.junit.jupiter.engine.descriptor.ClassBasedTestDescriptor.before(ClassBasedTestDescriptor.java:78)
	at org.junit.platform.engine.support.hierarchical.NodeTestTask.lambda$executeRecursively$5(NodeTestTask.java:136)
	at org.junit.platform.engine.support.hierarchical.ThrowableCollector.execute(ThrowableCollector.java:73)
	at org.junit.platform.engine.support.hierarchical.NodeTestTask.lambda$executeRecursively$7(NodeTestTask.java:129)
	at org.junit.platform.engine.support.hierarchical.Node.around(Node.java:137)
	at org.junit.platform.engine.support.hierarchical.NodeTestTask.lambda$executeRecursively$8(NodeTestTask.java:127)
	at org.junit.platform.engine.support.hierarchical.ThrowableCollector.execute(ThrowableCollector.java:73)
	at org.junit.platform.engine.support.hierarchical.NodeTestTask.executeRecursively(NodeTestTask.java:126)
	at org.junit.platform.engine.support.hierarchical.NodeTestTask.execute(NodeTestTask.java:84)
	at java.base/java.util.ArrayList.forEach(ArrayList.java:1541)
	at org.junit.platform.engine.support.hierarchical.SameThreadHierarchicalTestExecutorService.invokeAll(SameThreadHierarchicalTestExecutorService.java:38)
	at org.junit.platform.engine.support.hierarchical.NodeTestTask.lambda$executeRecursively$5(NodeTestTask.java:143)
	at org.junit.platform.engine.support.hierarchical.ThrowableCollector.execute(ThrowableCollector.java:73)
	at org.junit.platform.engine.support.hierarchical.NodeTestTask.lambda$executeRecursively$7(NodeTestTask.java:129)
	at org.junit.platform.engine.support.hierarchical.Node.around(Node.java:137)
	at org.junit.platform.engine.support.hierarchical.NodeTestTask.lambda$executeRecursively$8(NodeTestTask.java:127)
	at org.junit.platform.engine.support.hierarchical.ThrowableCollector.execute(ThrowableCollector.java:73)
	at org.junit.platform.engine.support.hierarchical.NodeTestTask.executeRecursively(NodeTestTask.java:126)
	at org.junit.platform.engine.support.hierarchical.NodeTestTask.execute(NodeTestTask.java:84)
	at org.junit.platform.engine.support.hierarchical.SameThreadHierarchicalTestExecutorService.submit(SameThreadHierarchicalTestExecutorService.java:32)
	at org.junit.platform.engine.support.hierarchical.HierarchicalTestExecutor.execute(HierarchicalTestExecutor.java:57)
	at org.junit.platform.engine.support.hierarchical.HierarchicalTestEngine.execute(HierarchicalTestEngine.java:51)
	at org.junit.platform.launcher.core.EngineExecutionOrchestrator.execute(EngineExecutionOrchestrator.java:108)
	at org.junit.platform.launcher.core.EngineExecutionOrchestrator.execute(EngineExecutionOrchestrator.java:88)
	at org.junit.platform.launcher.core.EngineExecutionOrchestrator.lambda$execute$0(EngineExecutionOrchestrator.java:54)
	at org.junit.platform.launcher.core.EngineExecutionOrchestrator.withInterceptedStreams(EngineExecutionOrchestrator.java:67)
	at org.junit.platform.launcher.core.EngineExecutionOrchestrator.execute(EngineExecutionOrchestrator.java:52)
[...]
2021-04-18T20:54:55,997|[DEBUG] SQL - 
    /* delete entity.BloodDonation */ delete 
        from
            simplebloodbank.blood_donation 
        where
            donation_id=?
2021-04-18T20:54:55,997|[TRACE] BasicBinder - binding parameter [1] as [INTEGER] - [14]
]]></system-out>
  </testcase>
  <testcase name="testGetColumnCodes" classname="logic.BloodDonationTest" time="0.027">
    <system-out><![CDATA[2021-04-18T20:54:56,004|[DEBUG] EMFactory - getting EntityManagerFactory
2021-04-18T20:54:56,004|[DEBUG] EMFactory - initializeing EntityManagerFactory
2021-04-18T20:54:56,005|[DEBUG] SQL - 
    select
        bloodbank0_.bank_id as bank_id1_1_0_,
        bloodbank0_.emplyee_count as emplyee_2_1_0_,
        bloodbank0_.established as establis3_1_0_,
        bloodbank0_.name as name4_1_0_,
        bloodbank0_.owner as owner6_1_0_,
        bloodbank0_.privately_owned as privatel5_1_0_ 
    from
        simplebloodbank.blood_bank bloodbank0_ 
    where
        bloodbank0_.bank_id=?
2021-04-18T20:54:56,005|[TRACE] BasicBinder - binding parameter [1] as [INTEGER] - [1]
2021-04-18T20:54:56,007|[TRACE] BasicExtractor - extracted value ([emplyee_2_1_0_] : [INTEGER]) - [111]
2021-04-18T20:54:56,007|[TRACE] BasicExtractor - extracted value ([establis3_1_0_] : [TIMESTAMP]) - [1111-11-11 11:11:11.0]
2021-04-18T20:54:56,007|[TRACE] BasicExtractor - extracted value ([name4_1_0_] : [VARCHAR]) - [JUNIT]
2021-04-18T20:54:56,007|[TRACE] BasicExtractor - extracted value ([owner6_1_0_] : [INTEGER]) - [null]
2021-04-18T20:54:56,007|[TRACE] BasicExtractor - extracted value ([privatel5_1_0_] : [BOOLEAN]) - [true]
2021-04-18T20:54:56,008|[DEBUG] SQL - 
    /* insert entity.BloodDonation
        */ insert 
        into
            simplebloodbank.blood_donation
            (bank_id, blood_group, created, milliliters, rhd) 
        values
            (?, ?, ?, ?, ?)
2021-04-18T20:54:56,009|[TRACE] BasicBinder - binding parameter [1] as [INTEGER] - [1]
2021-04-18T20:54:56,009|[TRACE] BasicBinder - binding parameter [2] as [VARCHAR] - [AB]
2021-04-18T20:54:56,010|[TRACE] BasicBinder - binding parameter [3] as [TIMESTAMP] - [Sat Nov 11 11:11:11 EST 1111]
2021-04-18T20:54:56,010|[TRACE] BasicBinder - binding parameter [4] as [INTEGER] - [100]
2021-04-18T20:54:56,010|[DEBUG] AttributeConverterSqlTypeDescriptorAdapter - Converted value on binding : Negative -> -
2021-04-18T20:54:56,010|[TRACE] BasicBinder - binding parameter [5] as [VARCHAR] - [-]
2021-04-18T20:54:56,017|[DEBUG] EMFactory - getting EntityManagerFactory
2021-04-18T20:54:56,017|[DEBUG] EMFactory - initializeing EntityManagerFactory
2021-04-18T20:54:56,018|[DEBUG] SQL - 
    /* load entity.BloodDonation */ select
        blooddonat0_.donation_id as donation1_2_0_,
        blooddonat0_.bank_id as bank_id6_2_0_,
        blooddonat0_.blood_group as blood_gr2_2_0_,
        blooddonat0_.created as created3_2_0_,
        blooddonat0_.milliliters as millilit4_2_0_,
        blooddonat0_.rhd as rhd5_2_0_ 
    from
        simplebloodbank.blood_donation blooddonat0_ 
    where
        blooddonat0_.donation_id=?
2021-04-18T20:54:56,019|[TRACE] BasicBinder - binding parameter [1] as [INTEGER] - [15]
2021-04-18T20:54:56,020|[TRACE] BasicExtractor - extracted value ([bank_id6_2_0_] : [INTEGER]) - [1]
2021-04-18T20:54:56,020|[TRACE] BasicExtractor - extracted value ([blood_gr2_2_0_] : [VARCHAR]) - [AB]
2021-04-18T20:54:56,020|[TRACE] BasicExtractor - extracted value ([created3_2_0_] : [TIMESTAMP]) - [1111-11-11 11:11:11.0]
2021-04-18T20:54:56,020|[TRACE] BasicExtractor - extracted value ([millilit4_2_0_] : [INTEGER]) - [100]
2021-04-18T20:54:56,020|[TRACE] BasicExtractor - extracted value ([rhd5_2_0_] : [VARCHAR]) - [-]
2021-04-18T20:54:56,020|[DEBUG] AttributeConverterSqlTypeDescriptorAdapter - Converted value on extraction: - -> Negative
2021-04-18T20:54:56,022|[DEBUG] SQL - 
    /* delete entity.BloodDonation */ delete 
        from
            simplebloodbank.blood_donation 
        where
            donation_id=?
2021-04-18T20:54:56,022|[TRACE] BasicBinder - binding parameter [1] as [INTEGER] - [15]
]]></system-out>
  </testcase>
  <testcase name="testGetColumnNames" classname="logic.BloodDonationTest" time="0.025">
    <system-out><![CDATA[2021-04-18T20:54:56,030|[DEBUG] EMFactory - getting EntityManagerFactory
2021-04-18T20:54:56,031|[DEBUG] EMFactory - initializeing EntityManagerFactory
2021-04-18T20:54:56,031|[DEBUG] SQL - 
    select
        bloodbank0_.bank_id as bank_id1_1_0_,
        bloodbank0_.emplyee_count as emplyee_2_1_0_,
        bloodbank0_.established as establis3_1_0_,
        bloodbank0_.name as name4_1_0_,
        bloodbank0_.owner as owner6_1_0_,
        bloodbank0_.privately_owned as privatel5_1_0_ 
    from
        simplebloodbank.blood_bank bloodbank0_ 
    where
        bloodbank0_.bank_id=?
2021-04-18T20:54:56,032|[TRACE] BasicBinder - binding parameter [1] as [INTEGER] - [1]
2021-04-18T20:54:56,033|[TRACE] BasicExtractor - extracted value ([emplyee_2_1_0_] : [INTEGER]) - [111]
2021-04-18T20:54:56,033|[TRACE] BasicExtractor - extracted value ([establis3_1_0_] : [TIMESTAMP]) - [1111-11-11 11:11:11.0]
2021-04-18T20:54:56,033|[TRACE] BasicExtractor - extracted value ([name4_1_0_] : [VARCHAR]) - [JUNIT]
2021-04-18T20:54:56,033|[TRACE] BasicExtractor - extracted value ([owner6_1_0_] : [INTEGER]) - [null]
2021-04-18T20:54:56,033|[TRACE] BasicExtractor - extracted value ([privatel5_1_0_] : [BOOLEAN]) - [true]
2021-04-18T20:54:56,034|[DEBUG] SQL - 
    /* insert entity.BloodDonation
        */ insert 
        into
            simplebloodbank.blood_donation
            (bank_id, blood_group, created, milliliters, rhd) 
        values
            (?, ?, ?, ?, ?)
2021-04-18T20:54:56,034|[TRACE] BasicBinder - binding parameter [1] as [INTEGER] - [1]
2021-04-18T20:54:56,035|[TRACE] BasicBinder - binding parameter [2] as [VARCHAR] - [AB]
2021-04-18T20:54:56,035|[TRACE] BasicBinder - binding parameter [3] as [TIMESTAMP] - [Sat Nov 11 11:11:11 EST 1111]
2021-04-18T20:54:56,035|[TRACE] BasicBinder - binding parameter [4] as [INTEGER] - [100]
2021-04-18T20:54:56,035|[DEBUG] AttributeConverterSqlTypeDescriptorAdapter - Converted value on binding : Negative -> -
2021-04-18T20:54:56,035|[TRACE] BasicBinder - binding parameter [5] as [VARCHAR] - [-]
2021-04-18T20:54:56,044|[DEBUG] EMFactory - getting EntityManagerFactory
2021-04-18T20:54:56,044|[DEBUG] EMFactory - initializeing EntityManagerFactory
2021-04-18T20:54:56,044|[DEBUG] SQL - 
    /* load entity.BloodDonation */ select
        blooddonat0_.donation_id as donation1_2_0_,
        blooddonat0_.bank_id as bank_id6_2_0_,
        blooddonat0_.blood_group as blood_gr2_2_0_,
        blooddonat0_.created as created3_2_0_,
        blooddonat0_.milliliters as millilit4_2_0_,
        blooddonat0_.rhd as rhd5_2_0_ 
    from
        simplebloodbank.blood_donation blooddonat0_ 
    where
        blooddonat0_.donation_id=?
2021-04-18T20:54:56,045|[TRACE] BasicBinder - binding parameter [1] as [INTEGER] - [16]
2021-04-18T20:54:56,046|[TRACE] BasicExtractor - extracted value ([bank_id6_2_0_] : [INTEGER]) - [1]
2021-04-18T20:54:56,046|[TRACE] BasicExtractor - extracted value ([blood_gr2_2_0_] : [VARCHAR]) - [AB]
2021-04-18T20:54:56,046|[TRACE] BasicExtractor - extracted value ([created3_2_0_] : [TIMESTAMP]) - [1111-11-11 11:11:11.0]
2021-04-18T20:54:56,046|[TRACE] BasicExtractor - extracted value ([millilit4_2_0_] : [INTEGER]) - [100]
2021-04-18T20:54:56,046|[TRACE] BasicExtractor - extracted value ([rhd5_2_0_] : [VARCHAR]) - [-]
2021-04-18T20:54:56,046|[DEBUG] AttributeConverterSqlTypeDescriptorAdapter - Converted value on extraction: - -> Negative
2021-04-18T20:54:56,047|[DEBUG] SQL - 
    /* delete entity.BloodDonation */ delete 
        from
            simplebloodbank.blood_donation 
        where
            donation_id=?
2021-04-18T20:54:56,047|[TRACE] BasicBinder - binding parameter [1] as [INTEGER] - [16]
]]></system-out>
  </testcase>
  <testcase name="testGetBloodDonationWithCreated" classname="logic.BloodDonationTest" time="0.058">
    <system-out><![CDATA[2021-04-18T20:54:56,057|[DEBUG] EMFactory - getting EntityManagerFactory
2021-04-18T20:54:56,057|[DEBUG] EMFactory - initializeing EntityManagerFactory
2021-04-18T20:54:56,058|[DEBUG] SQL - 
    select
        bloodbank0_.bank_id as bank_id1_1_0_,
        bloodbank0_.emplyee_count as emplyee_2_1_0_,
        bloodbank0_.established as establis3_1_0_,
        bloodbank0_.name as name4_1_0_,
        bloodbank0_.owner as owner6_1_0_,
        bloodbank0_.privately_owned as privatel5_1_0_ 
    from
        simplebloodbank.blood_bank bloodbank0_ 
    where
        bloodbank0_.bank_id=?
2021-04-18T20:54:56,058|[TRACE] BasicBinder - binding parameter [1] as [INTEGER] - [1]
2021-04-18T20:54:56,060|[TRACE] BasicExtractor - extracted value ([emplyee_2_1_0_] : [INTEGER]) - [111]
2021-04-18T20:54:56,060|[TRACE] BasicExtractor - extracted value ([establis3_1_0_] : [TIMESTAMP]) - [1111-11-11 11:11:11.0]
2021-04-18T20:54:56,060|[TRACE] BasicExtractor - extracted value ([name4_1_0_] : [VARCHAR]) - [JUNIT]
2021-04-18T20:54:56,060|[TRACE] BasicExtractor - extracted value ([owner6_1_0_] : [INTEGER]) - [null]
2021-04-18T20:54:56,060|[TRACE] BasicExtractor - extracted value ([privatel5_1_0_] : [BOOLEAN]) - [true]
2021-04-18T20:54:56,061|[DEBUG] SQL - 
    /* insert entity.BloodDonation
        */ insert 
        into
            simplebloodbank.blood_donation
            (bank_id, blood_group, created, milliliters, rhd) 
        values
            (?, ?, ?, ?, ?)
2021-04-18T20:54:56,062|[TRACE] BasicBinder - binding parameter [1] as [INTEGER] - [1]
2021-04-18T20:54:56,062|[TRACE] BasicBinder - binding parameter [2] as [VARCHAR] - [AB]
2021-04-18T20:54:56,062|[TRACE] BasicBinder - binding parameter [3] as [TIMESTAMP] - [Sat Nov 11 11:11:11 EST 1111]
2021-04-18T20:54:56,063|[TRACE] BasicBinder - binding parameter [4] as [INTEGER] - [100]
2021-04-18T20:54:56,064|[DEBUG] AttributeConverterSqlTypeDescriptorAdapter - Converted value on binding : Negative -> -
2021-04-18T20:54:56,065|[TRACE] BasicBinder - binding parameter [5] as [VARCHAR] - [-]
2021-04-18T20:54:56,072|[DEBUG] EMFactory - getting EntityManagerFactory
2021-04-18T20:54:56,073|[DEBUG] EMFactory - initializeing EntityManagerFactory
2021-04-18T20:54:56,074|[DEBUG] SQL - 
    /* BloodDonation.findByCreated */ select
        blooddonat0_.donation_id as donation1_2_,
        blooddonat0_.bank_id as bank_id6_2_,
        blooddonat0_.blood_group as blood_gr2_2_,
        blooddonat0_.created as created3_2_,
        blooddonat0_.milliliters as millilit4_2_,
        blooddonat0_.rhd as rhd5_2_ 
    from
        simplebloodbank.blood_donation blooddonat0_ 
    where
        blooddonat0_.created=?
2021-04-18T20:54:56,075|[TRACE] BasicBinder - binding parameter [1] as [TIMESTAMP] - [Sat Nov 11 11:11:11 EST 1111]
2021-04-18T20:54:56,076|[TRACE] BasicExtractor - extracted value ([donation1_2_] : [INTEGER]) - [17]
2021-04-18T20:54:56,077|[TRACE] BasicExtractor - extracted value ([bank_id6_2_] : [INTEGER]) - [1]
2021-04-18T20:54:56,077|[TRACE] BasicExtractor - extracted value ([blood_gr2_2_] : [VARCHAR]) - [AB]
2021-04-18T20:54:56,077|[TRACE] BasicExtractor - extracted value ([created3_2_] : [TIMESTAMP]) - [1111-11-11 11:11:11.0]
2021-04-18T20:54:56,077|[TRACE] BasicExtractor - extracted value ([millilit4_2_] : [INTEGER]) - [100]
2021-04-18T20:54:56,077|[TRACE] BasicExtractor - extracted value ([rhd5_2_] : [VARCHAR]) - [-]
2021-04-18T20:54:56,077|[DEBUG] AttributeConverterSqlTypeDescriptorAdapter - Converted value on extraction: - -> Negative
2021-04-18T20:54:56,078|[DEBUG] EMFactory - getting EntityManagerFactory
2021-04-18T20:54:56,078|[DEBUG] EMFactory - initializeing EntityManagerFactory
2021-04-18T20:54:56,104|[DEBUG] SQL - 
    /* load entity.BloodDonation */ select
        blooddonat0_.donation_id as donation1_2_0_,
        blooddonat0_.bank_id as bank_id6_2_0_,
        blooddonat0_.blood_group as blood_gr2_2_0_,
        blooddonat0_.created as created3_2_0_,
        blooddonat0_.milliliters as millilit4_2_0_,
        blooddonat0_.rhd as rhd5_2_0_ 
    from
        simplebloodbank.blood_donation blooddonat0_ 
    where
        blooddonat0_.donation_id=?
2021-04-18T20:54:56,105|[TRACE] BasicBinder - binding parameter [1] as [INTEGER] - [17]
2021-04-18T20:54:56,108|[TRACE] BasicExtractor - extracted value ([bank_id6_2_0_] : [INTEGER]) - [1]
2021-04-18T20:54:56,108|[TRACE] BasicExtractor - extracted value ([blood_gr2_2_0_] : [VARCHAR]) - [AB]
2021-04-18T20:54:56,108|[TRACE] BasicExtractor - extracted value ([created3_2_0_] : [TIMESTAMP]) - [1111-11-11 11:11:11.0]
2021-04-18T20:54:56,108|[TRACE] BasicExtractor - extracted value ([millilit4_2_0_] : [INTEGER]) - [100]
2021-04-18T20:54:56,109|[TRACE] BasicExtractor - extracted value ([rhd5_2_0_] : [VARCHAR]) - [-]
2021-04-18T20:54:56,109|[DEBUG] AttributeConverterSqlTypeDescriptorAdapter - Converted value on extraction: - -> Negative
2021-04-18T20:54:56,110|[DEBUG] SQL - 
    /* delete entity.BloodDonation */ delete 
        from
            simplebloodbank.blood_donation 
        where
            donation_id=?
2021-04-18T20:54:56,110|[TRACE] BasicBinder - binding parameter [1] as [INTEGER] - [17]
]]></system-out>
    <system-err><![CDATA[Apr 18, 2021 8:54:56 PM dal.GenericDAL lambda$setParameters$0
INFO: setParameters: created=Sat Nov 11 11:11:11 EST 1111
]]></system-err>
  </testcase>
  <testcase name="testGetWithId" classname="logic.BloodDonationTest" time="0.071">
    <system-out><![CDATA[2021-04-18T20:54:56,116|[DEBUG] EMFactory - getting EntityManagerFactory
2021-04-18T20:54:56,116|[DEBUG] EMFactory - initializeing EntityManagerFactory
2021-04-18T20:54:56,118|[DEBUG] SQL - 
    select
        bloodbank0_.bank_id as bank_id1_1_0_,
        bloodbank0_.emplyee_count as emplyee_2_1_0_,
        bloodbank0_.established as establis3_1_0_,
        bloodbank0_.name as name4_1_0_,
        bloodbank0_.owner as owner6_1_0_,
        bloodbank0_.privately_owned as privatel5_1_0_ 
    from
        simplebloodbank.blood_bank bloodbank0_ 
    where
        bloodbank0_.bank_id=?
2021-04-18T20:54:56,119|[TRACE] BasicBinder - binding parameter [1] as [INTEGER] - [1]
2021-04-18T20:54:56,121|[TRACE] BasicExtractor - extracted value ([emplyee_2_1_0_] : [INTEGER]) - [111]
2021-04-18T20:54:56,121|[TRACE] BasicExtractor - extracted value ([establis3_1_0_] : [TIMESTAMP]) - [1111-11-11 11:11:11.0]
2021-04-18T20:54:56,121|[TRACE] BasicExtractor - extracted value ([name4_1_0_] : [VARCHAR]) - [JUNIT]
2021-04-18T20:54:56,121|[TRACE] BasicExtractor - extracted value ([owner6_1_0_] : [INTEGER]) - [null]
2021-04-18T20:54:56,121|[TRACE] BasicExtractor - extracted value ([privatel5_1_0_] : [BOOLEAN]) - [true]
2021-04-18T20:54:56,123|[DEBUG] SQL - 
    /* insert entity.BloodDonation
        */ insert 
        into
            simplebloodbank.blood_donation
            (bank_id, blood_group, created, milliliters, rhd) 
        values
            (?, ?, ?, ?, ?)
2021-04-18T20:54:56,123|[TRACE] BasicBinder - binding parameter [1] as [INTEGER] - [1]
2021-04-18T20:54:56,123|[TRACE] BasicBinder - binding parameter [2] as [VARCHAR] - [AB]
2021-04-18T20:54:56,123|[TRACE] BasicBinder - binding parameter [3] as [TIMESTAMP] - [Sat Nov 11 11:11:11 EST 1111]
2021-04-18T20:54:56,124|[TRACE] BasicBinder - binding parameter [4] as [INTEGER] - [100]
2021-04-18T20:54:56,124|[DEBUG] AttributeConverterSqlTypeDescriptorAdapter - Converted value on binding : Negative -> -
2021-04-18T20:54:56,124|[TRACE] BasicBinder - binding parameter [5] as [VARCHAR] - [-]
2021-04-18T20:54:56,133|[DEBUG] EMFactory - getting EntityManagerFactory
2021-04-18T20:54:56,133|[DEBUG] EMFactory - initializeing EntityManagerFactory
2021-04-18T20:54:56,135|[DEBUG] SQL - 
    /* BloodDonation.findByDonationId */ select
        blooddonat0_.donation_id as donation1_2_,
        blooddonat0_.bank_id as bank_id6_2_,
        blooddonat0_.blood_group as blood_gr2_2_,
        blooddonat0_.created as created3_2_,
        blooddonat0_.milliliters as millilit4_2_,
        blooddonat0_.rhd as rhd5_2_ 
    from
        simplebloodbank.blood_donation blooddonat0_ 
    where
        blooddonat0_.donation_id=?
2021-04-18T20:54:56,136|[TRACE] BasicBinder - binding parameter [1] as [INTEGER] - [18]
2021-04-18T20:54:56,137|[TRACE] BasicExtractor - extracted value ([donation1_2_] : [INTEGER]) - [18]
2021-04-18T20:54:56,137|[TRACE] BasicExtractor - extracted value ([bank_id6_2_] : [INTEGER]) - [1]
2021-04-18T20:54:56,137|[TRACE] BasicExtractor - extracted value ([blood_gr2_2_] : [VARCHAR]) - [AB]
2021-04-18T20:54:56,137|[TRACE] BasicExtractor - extracted value ([created3_2_] : [TIMESTAMP]) - [1111-11-11 11:11:11.0]
2021-04-18T20:54:56,137|[TRACE] BasicExtractor - extracted value ([millilit4_2_] : [INTEGER]) - [100]
2021-04-18T20:54:56,137|[TRACE] BasicExtractor - extracted value ([rhd5_2_] : [VARCHAR]) - [-]
2021-04-18T20:54:56,137|[DEBUG] AttributeConverterSqlTypeDescriptorAdapter - Converted value on extraction: - -> Negative
2021-04-18T20:54:56,138|[DEBUG] SQL - 
    select
        bloodbank0_.bank_id as bank_id1_1_0_,
        bloodbank0_.emplyee_count as emplyee_2_1_0_,
        bloodbank0_.established as establis3_1_0_,
        bloodbank0_.name as name4_1_0_,
        bloodbank0_.owner as owner6_1_0_,
        bloodbank0_.privately_owned as privatel5_1_0_ 
    from
        simplebloodbank.blood_bank bloodbank0_ 
    where
        bloodbank0_.bank_id=?
2021-04-18T20:54:56,138|[TRACE] BasicBinder - binding parameter [1] as [INTEGER] - [1]
2021-04-18T20:54:56,139|[TRACE] BasicExtractor - extracted value ([emplyee_2_1_0_] : [INTEGER]) - [111]
2021-04-18T20:54:56,139|[TRACE] BasicExtractor - extracted value ([establis3_1_0_] : [TIMESTAMP]) - [1111-11-11 11:11:11.0]
2021-04-18T20:54:56,139|[TRACE] BasicExtractor - extracted value ([name4_1_0_] : [VARCHAR]) - [JUNIT]
2021-04-18T20:54:56,139|[TRACE] BasicExtractor - extracted value ([owner6_1_0_] : [INTEGER]) - [null]
2021-04-18T20:54:56,140|[TRACE] BasicExtractor - extracted value ([privatel5_1_0_] : [BOOLEAN]) - [true]
2021-04-18T20:54:56,141|[DEBUG] EMFactory - getting EntityManagerFactory
2021-04-18T20:54:56,141|[DEBUG] EMFactory - initializeing EntityManagerFactory
2021-04-18T20:54:56,175|[DEBUG] SQL - 
    /* load entity.BloodDonation */ select
        blooddonat0_.donation_id as donation1_2_0_,
        blooddonat0_.bank_id as bank_id6_2_0_,
        blooddonat0_.blood_group as blood_gr2_2_0_,
        blooddonat0_.created as created3_2_0_,
        blooddonat0_.milliliters as millilit4_2_0_,
        blooddonat0_.rhd as rhd5_2_0_ 
    from
        simplebloodbank.blood_donation blooddonat0_ 
    where
        blooddonat0_.donation_id=?
2021-04-18T20:54:56,176|[TRACE] BasicBinder - binding parameter [1] as [INTEGER] - [18]
2021-04-18T20:54:56,177|[TRACE] BasicExtractor - extracted value ([bank_id6_2_0_] : [INTEGER]) - [1]
2021-04-18T20:54:56,178|[TRACE] BasicExtractor - extracted value ([blood_gr2_2_0_] : [VARCHAR]) - [AB]
2021-04-18T20:54:56,178|[TRACE] BasicExtractor - extracted value ([created3_2_0_] : [TIMESTAMP]) - [1111-11-11 11:11:11.0]
2021-04-18T20:54:56,178|[TRACE] BasicExtractor - extracted value ([millilit4_2_0_] : [INTEGER]) - [100]
2021-04-18T20:54:56,178|[TRACE] BasicExtractor - extracted value ([rhd5_2_0_] : [VARCHAR]) - [-]
2021-04-18T20:54:56,178|[DEBUG] AttributeConverterSqlTypeDescriptorAdapter - Converted value on extraction: - -> Negative
2021-04-18T20:54:56,179|[DEBUG] SQL - 
    /* delete entity.BloodDonation */ delete 
        from
            simplebloodbank.blood_donation 
        where
            donation_id=?
2021-04-18T20:54:56,179|[TRACE] BasicBinder - binding parameter [1] as [INTEGER] - [18]
]]></system-out>
    <system-err><![CDATA[Apr 18, 2021 8:54:56 PM dal.GenericDAL lambda$setParameters$0
INFO: setParameters: donationId=18
]]></system-err>
  </testcase>
</testsuite>